[35m[1mConsolidate compiler generated dependencies of target joy_comms_control_node[0m
[100%] Built target joy_comms_control_node
-- Install configuration: ""
-- Up-to-date: /home/marc/Programming/robotics-prototype/robot/rospackages/install/joy_control/lib/joy_control/joy_comms_control_node
-- Up-to-date: /home/marc/Programming/robotics-prototype/robot/rospackages/install/joy_control/share/joy_control
-- Up-to-date: /home/marc/Programming/robotics-prototype/robot/rospackages/install/joy_control/share/joy_control/joy_comms_config.yaml
-- Up-to-date: /home/marc/Programming/robotics-prototype/robot/rospackages/install/joy_control/share/joy_control
-- Up-to-date: /home/marc/Programming/robotics-prototype/robot/rospackages/install/joy_control/share/joy_control/joy_comms_manual.xml
-- Up-to-date: /home/marc/Programming/robotics-prototype/robot/rospackages/install/joy_control/share/ament_index/resource_index/package_run_dependencies/joy_control
-- Up-to-date: /home/marc/Programming/robotics-prototype/robot/rospackages/install/joy_control/share/ament_index/resource_index/parent_prefix_path/joy_control
-- Up-to-date: /home/marc/Programming/robotics-prototype/robot/rospackages/install/joy_control/share/joy_control/environment/ament_prefix_path.sh
-- Up-to-date: /home/marc/Programming/robotics-prototype/robot/rospackages/install/joy_control/share/joy_control/environment/ament_prefix_path.dsv
-- Up-to-date: /home/marc/Programming/robotics-prototype/robot/rospackages/install/joy_control/share/joy_control/environment/path.sh
-- Up-to-date: /home/marc/Programming/robotics-prototype/robot/rospackages/install/joy_control/share/joy_control/environment/path.dsv
-- Up-to-date: /home/marc/Programming/robotics-prototype/robot/rospackages/install/joy_control/share/joy_control/local_setup.bash
-- Up-to-date: /home/marc/Programming/robotics-prototype/robot/rospackages/install/joy_control/share/joy_control/local_setup.sh
-- Up-to-date: /home/marc/Programming/robotics-prototype/robot/rospackages/install/joy_control/share/joy_control/local_setup.zsh
-- Up-to-date: /home/marc/Programming/robotics-prototype/robot/rospackages/install/joy_control/share/joy_control/local_setup.dsv
-- Installing: /home/marc/Programming/robotics-prototype/robot/rospackages/install/joy_control/share/joy_control/package.dsv
-- Up-to-date: /home/marc/Programming/robotics-prototype/robot/rospackages/install/joy_control/share/ament_index/resource_index/packages/joy_control
-- Up-to-date: /home/marc/Programming/robotics-prototype/robot/rospackages/install/joy_control/share/joy_control/cmake/joy_controlConfig.cmake
-- Up-to-date: /home/marc/Programming/robotics-prototype/robot/rospackages/install/joy_control/share/joy_control/cmake/joy_controlConfig-version.cmake
-- Up-to-date: /home/marc/Programming/robotics-prototype/robot/rospackages/install/joy_control/share/joy_control/package.xml
