[0.021s] Invoking command in '/home/marc/Programming/robotics-prototype/robot/rospackages/build/joy_control': CMAKE_PREFIX_PATH=${CMAKE_PREFIX_PATH}:/home/marc/Programming/robotics-prototype/robot/rospackages/install/mcu_control_python:/opt/ros/humble VIRTUAL_ENV_PROMPT=(venv) /usr/bin/cmake --build /home/marc/Programming/robotics-prototype/robot/rospackages/build/joy_control -- -j16 -l16
[0.069s] [35m[1mConsolidate compiler generated dependencies of target joy_comms_control_node[0m
[0.102s] [100%] Built target joy_comms_control_node
[0.300s] Invoked command in '/home/marc/Programming/robotics-prototype/robot/rospackages/build/joy_control' returned '0': CMAKE_PREFIX_PATH=${CMAKE_PREFIX_PATH}:/home/marc/Programming/robotics-prototype/robot/rospackages/install/mcu_control_python:/opt/ros/humble VIRTUAL_ENV_PROMPT=(venv) /usr/bin/cmake --build /home/marc/Programming/robotics-prototype/robot/rospackages/build/joy_control -- -j16 -l16
[0.336s] Invoking command in '/home/marc/Programming/robotics-prototype/robot/rospackages/build/joy_control': CMAKE_PREFIX_PATH=${CMAKE_PREFIX_PATH}:/home/marc/Programming/robotics-prototype/robot/rospackages/install/mcu_control_python:/opt/ros/humble VIRTUAL_ENV_PROMPT=(venv) /usr/bin/cmake --install /home/marc/Programming/robotics-prototype/robot/rospackages/build/joy_control
[0.343s] -- Install configuration: ""
[0.343s] -- Up-to-date: /home/marc/Programming/robotics-prototype/robot/rospackages/install/joy_control/lib/joy_control/joy_comms_control_node
[0.344s] -- Up-to-date: /home/marc/Programming/robotics-prototype/robot/rospackages/install/joy_control/share/joy_control
[0.344s] -- Up-to-date: /home/marc/Programming/robotics-prototype/robot/rospackages/install/joy_control/share/joy_control/joy_comms_config.yaml
[0.344s] -- Up-to-date: /home/marc/Programming/robotics-prototype/robot/rospackages/install/joy_control/share/joy_control
[0.344s] -- Up-to-date: /home/marc/Programming/robotics-prototype/robot/rospackages/install/joy_control/share/joy_control/joy_comms_manual.xml
[0.344s] -- Up-to-date: /home/marc/Programming/robotics-prototype/robot/rospackages/install/joy_control/share/ament_index/resource_index/package_run_dependencies/joy_control
[0.344s] -- Up-to-date: /home/marc/Programming/robotics-prototype/robot/rospackages/install/joy_control/share/ament_index/resource_index/parent_prefix_path/joy_control
[0.344s] -- Up-to-date: /home/marc/Programming/robotics-prototype/robot/rospackages/install/joy_control/share/joy_control/environment/ament_prefix_path.sh
[0.345s] -- Up-to-date: /home/marc/Programming/robotics-prototype/robot/rospackages/install/joy_control/share/joy_control/environment/ament_prefix_path.dsv
[0.345s] -- Up-to-date: /home/marc/Programming/robotics-prototype/robot/rospackages/install/joy_control/share/joy_control/environment/path.sh
[0.345s] -- Up-to-date: /home/marc/Programming/robotics-prototype/robot/rospackages/install/joy_control/share/joy_control/environment/path.dsv
[0.345s] -- Up-to-date: /home/marc/Programming/robotics-prototype/robot/rospackages/install/joy_control/share/joy_control/local_setup.bash
[0.345s] -- Up-to-date: /home/marc/Programming/robotics-prototype/robot/rospackages/install/joy_control/share/joy_control/local_setup.sh
[0.345s] -- Up-to-date: /home/marc/Programming/robotics-prototype/robot/rospackages/install/joy_control/share/joy_control/local_setup.zsh
[0.345s] -- Up-to-date: /home/marc/Programming/robotics-prototype/robot/rospackages/install/joy_control/share/joy_control/local_setup.dsv
[0.345s] -- Installing: /home/marc/Programming/robotics-prototype/robot/rospackages/install/joy_control/share/joy_control/package.dsv
[0.345s] -- Up-to-date: /home/marc/Programming/robotics-prototype/robot/rospackages/install/joy_control/share/ament_index/resource_index/packages/joy_control
[0.345s] -- Up-to-date: /home/marc/Programming/robotics-prototype/robot/rospackages/install/joy_control/share/joy_control/cmake/joy_controlConfig.cmake
[0.345s] -- Up-to-date: /home/marc/Programming/robotics-prototype/robot/rospackages/install/joy_control/share/joy_control/cmake/joy_controlConfig-version.cmake
[0.345s] -- Up-to-date: /home/marc/Programming/robotics-prototype/robot/rospackages/install/joy_control/share/joy_control/package.xml
[0.347s] Invoked command in '/home/marc/Programming/robotics-prototype/robot/rospackages/build/joy_control' returned '0': CMAKE_PREFIX_PATH=${CMAKE_PREFIX_PATH}:/home/marc/Programming/robotics-prototype/robot/rospackages/install/mcu_control_python:/opt/ros/humble VIRTUAL_ENV_PROMPT=(venv) /usr/bin/cmake --install /home/marc/Programming/robotics-prototype/robot/rospackages/build/joy_control
