[0.496s] DEBUG:colcon:Command line arguments: ['/usr/bin/colcon', 'build']
[0.497s] DEBUG:colcon:Parsed command line arguments: Namespace(log_base=None, log_level=None, verb_name='build', build_base='build', install_base='install', merge_install=False, symlink_install=False, test_result_base=None, continue_on_error=False, executor='parallel', parallel_workers=16, event_handlers=None, ignore_user_meta=False, metas=['./colcon.meta'], base_paths=['.'], packages_ignore=None, packages_ignore_regex=None, paths=None, packages_up_to=None, packages_up_to_regex=None, packages_above=None, packages_above_and_dependencies=None, packages_above_depth=None, packages_select_by_dep=None, packages_skip_by_dep=None, packages_skip_up_to=None, packages_select_build_failed=False, packages_skip_build_finished=False, packages_select_test_failures=False, packages_skip_test_passed=False, packages_select=None, packages_skip=None, packages_select_regex=None, packages_skip_regex=None, packages_start=None, packages_end=None, allow_overriding=[], cmake_args=None, cmake_target=None, cmake_target_skip_unavailable=False, cmake_clean_cache=False, cmake_clean_first=False, cmake_force_configure=False, ament_cmake_args=None, catkin_cmake_args=None, catkin_skip_building_tests=False, verb_parser=<colcon_defaults.argument_parser.defaults.DefaultArgumentsDecorator object at 0x7facc1082ce0>, verb_extension=<colcon_core.verb.build.BuildVerb object at 0x7facc123f880>, main=<bound method BuildVerb.main of <colcon_core.verb.build.BuildVerb object at 0x7facc123f880>>)
[0.531s] Level 1:colcon.colcon_core.package_discovery:discover_packages(colcon_meta) check parameters
[0.531s] Level 1:colcon.colcon_core.package_discovery:discover_packages(recursive) check parameters
[0.531s] Level 1:colcon.colcon_core.package_discovery:discover_packages(ignore) check parameters
[0.531s] Level 1:colcon.colcon_core.package_discovery:discover_packages(path) check parameters
[0.531s] Level 1:colcon.colcon_core.package_discovery:discover_packages(colcon_meta) discover
[0.532s] Level 1:colcon.colcon_core.package_discovery:discover_packages(recursive) discover
[0.532s] INFO:colcon.colcon_core.package_discovery:Crawling recursively for packages in '/home/marc/Programming/robotics-prototype/robot/rospackages'
[0.532s] Level 1:colcon.colcon_core.package_identification:_identify(.) by extensions ['ignore', 'ignore_ament_install']
[0.532s] Level 1:colcon.colcon_core.package_identification:_identify(.) by extension 'ignore'
[0.532s] Level 1:colcon.colcon_core.package_identification:_identify(.) by extension 'ignore_ament_install'
[0.532s] Level 1:colcon.colcon_core.package_identification:_identify(.) by extensions ['colcon_pkg']
[0.532s] Level 1:colcon.colcon_core.package_identification:_identify(.) by extension 'colcon_pkg'
[0.532s] Level 1:colcon.colcon_core.package_identification:_identify(.) by extensions ['colcon_meta']
[0.532s] Level 1:colcon.colcon_core.package_identification:_identify(.) by extension 'colcon_meta'
[0.532s] Level 1:colcon.colcon_core.package_identification:_identify(.) by extensions ['ros']
[0.532s] Level 1:colcon.colcon_core.package_identification:_identify(.) by extension 'ros'
[0.565s] Level 1:colcon.colcon_core.package_identification:_identify(.) by extensions ['cmake', 'python']
[0.565s] Level 1:colcon.colcon_core.package_identification:_identify(.) by extension 'cmake'
[0.565s] Level 1:colcon.colcon_core.package_identification:_identify(.) by extension 'python'
[0.565s] Level 1:colcon.colcon_core.package_identification:_identify(.) by extensions ['python_setup_py']
[0.565s] Level 1:colcon.colcon_core.package_identification:_identify(.) by extension 'python_setup_py'
[0.565s] Level 1:colcon.colcon_core.package_identification:_identify(build) by extensions ['ignore', 'ignore_ament_install']
[0.566s] Level 1:colcon.colcon_core.package_identification:_identify(build) by extension 'ignore'
[0.566s] Level 1:colcon.colcon_core.package_identification:_identify(build) ignored
[0.566s] Level 1:colcon.colcon_core.package_identification:_identify(install) by extensions ['ignore', 'ignore_ament_install']
[0.566s] Level 1:colcon.colcon_core.package_identification:_identify(install) by extension 'ignore'
[0.566s] Level 1:colcon.colcon_core.package_identification:_identify(install) ignored
[0.566s] Level 1:colcon.colcon_core.package_identification:_identify(log) by extensions ['ignore', 'ignore_ament_install']
[0.566s] Level 1:colcon.colcon_core.package_identification:_identify(log) by extension 'ignore'
[0.566s] Level 1:colcon.colcon_core.package_identification:_identify(log) ignored
[0.566s] Level 1:colcon.colcon_core.package_identification:_identify(src) by extensions ['ignore', 'ignore_ament_install']
[0.566s] Level 1:colcon.colcon_core.package_identification:_identify(src) by extension 'ignore'
[0.566s] Level 1:colcon.colcon_core.package_identification:_identify(src) by extension 'ignore_ament_install'
[0.566s] Level 1:colcon.colcon_core.package_identification:_identify(src) by extensions ['colcon_pkg']
[0.567s] Level 1:colcon.colcon_core.package_identification:_identify(src) by extension 'colcon_pkg'
[0.567s] Level 1:colcon.colcon_core.package_identification:_identify(src) by extensions ['colcon_meta']
[0.567s] Level 1:colcon.colcon_core.package_identification:_identify(src) by extension 'colcon_meta'
[0.567s] Level 1:colcon.colcon_core.package_identification:_identify(src) by extensions ['ros']
[0.567s] Level 1:colcon.colcon_core.package_identification:_identify(src) by extension 'ros'
[0.567s] Level 1:colcon.colcon_core.package_identification:_identify(src) by extensions ['cmake', 'python']
[0.567s] Level 1:colcon.colcon_core.package_identification:_identify(src) by extension 'cmake'
[0.567s] Level 1:colcon.colcon_core.package_identification:_identify(src) by extension 'python'
[0.567s] Level 1:colcon.colcon_core.package_identification:_identify(src) by extensions ['python_setup_py']
[0.567s] Level 1:colcon.colcon_core.package_identification:_identify(src) by extension 'python_setup_py'
[0.567s] Level 1:colcon.colcon_core.package_identification:_identify(src/joy_control) by extensions ['ignore', 'ignore_ament_install']
[0.567s] Level 1:colcon.colcon_core.package_identification:_identify(src/joy_control) by extension 'ignore'
[0.567s] Level 1:colcon.colcon_core.package_identification:_identify(src/joy_control) by extension 'ignore_ament_install'
[0.567s] Level 1:colcon.colcon_core.package_identification:_identify(src/joy_control) by extensions ['colcon_pkg']
[0.567s] Level 1:colcon.colcon_core.package_identification:_identify(src/joy_control) by extension 'colcon_pkg'
[0.567s] Level 1:colcon.colcon_core.package_identification:_identify(src/joy_control) by extensions ['colcon_meta']
[0.567s] Level 1:colcon.colcon_core.package_identification:_identify(src/joy_control) by extension 'colcon_meta'
[0.568s] Level 1:colcon.colcon_core.package_identification:_identify(src/joy_control) by extensions ['ros']
[0.568s] Level 1:colcon.colcon_core.package_identification:_identify(src/joy_control) by extension 'ros'
[0.571s] DEBUG:colcon.colcon_core.package_identification:Package 'src/joy_control' with type 'ros.ament_cmake' and name 'joy_control'
[0.572s] Level 1:colcon.colcon_core.package_identification:_identify(src/mcu_control_python) by extensions ['ignore', 'ignore_ament_install']
[0.572s] Level 1:colcon.colcon_core.package_identification:_identify(src/mcu_control_python) by extension 'ignore'
[0.572s] Level 1:colcon.colcon_core.package_identification:_identify(src/mcu_control_python) by extension 'ignore_ament_install'
[0.572s] Level 1:colcon.colcon_core.package_identification:_identify(src/mcu_control_python) by extensions ['colcon_pkg']
[0.572s] Level 1:colcon.colcon_core.package_identification:_identify(src/mcu_control_python) by extension 'colcon_pkg'
[0.572s] Level 1:colcon.colcon_core.package_identification:_identify(src/mcu_control_python) by extensions ['colcon_meta']
[0.572s] Level 1:colcon.colcon_core.package_identification:_identify(src/mcu_control_python) by extension 'colcon_meta'
[0.572s] Level 1:colcon.colcon_core.package_identification:_identify(src/mcu_control_python) by extensions ['ros']
[0.572s] Level 1:colcon.colcon_core.package_identification:_identify(src/mcu_control_python) by extension 'ros'
[0.573s] DEBUG:colcon.colcon_core.package_identification:Package 'src/mcu_control_python' with type 'ros.ament_python' and name 'mcu_control_python'
[0.573s] Level 1:colcon.colcon_core.package_discovery:discover_packages(recursive) using defaults
[0.573s] Level 1:colcon.colcon_core.package_discovery:discover_packages(ignore) discover
[0.573s] Level 1:colcon.colcon_core.package_discovery:discover_packages(ignore) using defaults
[0.573s] Level 1:colcon.colcon_core.package_discovery:discover_packages(path) discover
[0.573s] Level 1:colcon.colcon_core.package_discovery:discover_packages(path) using defaults
[0.607s] Level 1:colcon.colcon_core.package_discovery:discover_packages(prefix_path) check parameters
[0.607s] Level 1:colcon.colcon_core.package_discovery:discover_packages(prefix_path) discover
[0.611s] DEBUG:colcon.colcon_installed_package_information.package_discovery:Found 2 installed packages in /home/marc/Programming/robotics-prototype/robot/rospackages/install
[0.613s] DEBUG:colcon.colcon_installed_package_information.package_discovery:Found 270 installed packages in /opt/ros/humble
[0.615s] Level 1:colcon.colcon_core.package_discovery:discover_packages(prefix_path) using defaults
[0.685s] Level 5:colcon.colcon_core.verb:set package 'joy_control' build argument 'cmake_args' from command line to 'None'
[0.685s] Level 5:colcon.colcon_core.verb:set package 'joy_control' build argument 'cmake_target' from command line to 'None'
[0.685s] Level 5:colcon.colcon_core.verb:set package 'joy_control' build argument 'cmake_target_skip_unavailable' from command line to 'False'
[0.685s] Level 5:colcon.colcon_core.verb:set package 'joy_control' build argument 'cmake_clean_cache' from command line to 'False'
[0.685s] Level 5:colcon.colcon_core.verb:set package 'joy_control' build argument 'cmake_clean_first' from command line to 'False'
[0.685s] Level 5:colcon.colcon_core.verb:set package 'joy_control' build argument 'cmake_force_configure' from command line to 'False'
[0.685s] Level 5:colcon.colcon_core.verb:set package 'joy_control' build argument 'ament_cmake_args' from command line to 'None'
[0.685s] Level 5:colcon.colcon_core.verb:set package 'joy_control' build argument 'catkin_cmake_args' from command line to 'None'
[0.685s] Level 5:colcon.colcon_core.verb:set package 'joy_control' build argument 'catkin_skip_building_tests' from command line to 'False'
[0.685s] DEBUG:colcon.colcon_core.verb:Building package 'joy_control' with the following arguments: {'ament_cmake_args': None, 'build_base': '/home/marc/Programming/robotics-prototype/robot/rospackages/build/joy_control', 'catkin_cmake_args': None, 'catkin_skip_building_tests': False, 'cmake_args': None, 'cmake_clean_cache': False, 'cmake_clean_first': False, 'cmake_force_configure': False, 'cmake_target': None, 'cmake_target_skip_unavailable': False, 'install_base': '/home/marc/Programming/robotics-prototype/robot/rospackages/install/joy_control', 'merge_install': False, 'path': '/home/marc/Programming/robotics-prototype/robot/rospackages/src/joy_control', 'symlink_install': False, 'test_result_base': None}
[0.686s] Level 5:colcon.colcon_core.verb:set package 'mcu_control_python' build argument 'cmake_args' from command line to 'None'
[0.686s] Level 5:colcon.colcon_core.verb:set package 'mcu_control_python' build argument 'cmake_target' from command line to 'None'
[0.686s] Level 5:colcon.colcon_core.verb:set package 'mcu_control_python' build argument 'cmake_target_skip_unavailable' from command line to 'False'
[0.686s] Level 5:colcon.colcon_core.verb:set package 'mcu_control_python' build argument 'cmake_clean_cache' from command line to 'False'
[0.687s] Level 5:colcon.colcon_core.verb:set package 'mcu_control_python' build argument 'cmake_clean_first' from command line to 'False'
[0.687s] Level 5:colcon.colcon_core.verb:set package 'mcu_control_python' build argument 'cmake_force_configure' from command line to 'False'
[0.687s] Level 5:colcon.colcon_core.verb:set package 'mcu_control_python' build argument 'ament_cmake_args' from command line to 'None'
[0.687s] Level 5:colcon.colcon_core.verb:set package 'mcu_control_python' build argument 'catkin_cmake_args' from command line to 'None'
[0.687s] Level 5:colcon.colcon_core.verb:set package 'mcu_control_python' build argument 'catkin_skip_building_tests' from command line to 'False'
[0.687s] DEBUG:colcon.colcon_core.verb:Building package 'mcu_control_python' with the following arguments: {'ament_cmake_args': None, 'build_base': '/home/marc/Programming/robotics-prototype/robot/rospackages/build/mcu_control_python', 'catkin_cmake_args': None, 'catkin_skip_building_tests': False, 'cmake_args': None, 'cmake_clean_cache': False, 'cmake_clean_first': False, 'cmake_force_configure': False, 'cmake_target': None, 'cmake_target_skip_unavailable': False, 'install_base': '/home/marc/Programming/robotics-prototype/robot/rospackages/install/mcu_control_python', 'merge_install': False, 'path': '/home/marc/Programming/robotics-prototype/robot/rospackages/src/mcu_control_python', 'symlink_install': False, 'test_result_base': None}
[0.688s] INFO:colcon.colcon_core.executor:Executing jobs using 'parallel' executor
[0.693s] DEBUG:colcon.colcon_parallel_executor.executor.parallel:run_until_complete
[0.693s] INFO:colcon.colcon_ros.task.ament_cmake.build:Building ROS package in '/home/marc/Programming/robotics-prototype/robot/rospackages/src/joy_control' with build type 'ament_cmake'
[0.693s] INFO:colcon.colcon_cmake.task.cmake.build:Building CMake package in '/home/marc/Programming/robotics-prototype/robot/rospackages/src/joy_control'
[0.702s] INFO:colcon.colcon_core.plugin_system:Skipping extension 'colcon_core.shell.bat': Not used on non-Windows systems
[0.703s] INFO:colcon.colcon_core.shell:Skip shell extension 'powershell' for command environment: Not usable outside of PowerShell
[0.703s] DEBUG:colcon.colcon_core.shell:Skip shell extension 'dsv' for command environment
[0.710s] INFO:colcon.colcon_ros.task.ament_python.build:Building ROS package in '/home/marc/Programming/robotics-prototype/robot/rospackages/src/mcu_control_python' with build type 'ament_python'
[0.710s] Level 1:colcon.colcon_core.shell:create_environment_hook('mcu_control_python', 'ament_prefix_path')
[0.712s] INFO:colcon.colcon_core.shell:Creating environment hook '/home/marc/Programming/robotics-prototype/robot/rospackages/install/mcu_control_python/share/mcu_control_python/hook/ament_prefix_path.ps1'
[0.714s] INFO:colcon.colcon_core.shell:Creating environment descriptor '/home/marc/Programming/robotics-prototype/robot/rospackages/install/mcu_control_python/share/mcu_control_python/hook/ament_prefix_path.dsv'
[0.715s] INFO:colcon.colcon_core.shell:Creating environment hook '/home/marc/Programming/robotics-prototype/robot/rospackages/install/mcu_control_python/share/mcu_control_python/hook/ament_prefix_path.sh'
[0.717s] INFO:colcon.colcon_core.shell:Skip shell extension 'powershell' for command environment: Not usable outside of PowerShell
[0.717s] DEBUG:colcon.colcon_core.shell:Skip shell extension 'dsv' for command environment
[0.734s] DEBUG:colcon.colcon_core.event_handler.log_command:Invoking command in '/home/marc/Programming/robotics-prototype/robot/rospackages/build/joy_control': CMAKE_PREFIX_PATH=${CMAKE_PREFIX_PATH}:/home/marc/Programming/robotics-prototype/robot/rospackages/install/mcu_control_python:/opt/ros/humble VIRTUAL_ENV_PROMPT=(venv) /usr/bin/cmake --build /home/marc/Programming/robotics-prototype/robot/rospackages/build/joy_control -- -j16 -l16
[1.112s] INFO:colcon.colcon_core.task.python.build:Building Python package in '/home/marc/Programming/robotics-prototype/robot/rospackages/src/mcu_control_python'
[1.114s] INFO:colcon.colcon_core.shell:Skip shell extension 'powershell' for command environment: Not usable outside of PowerShell
[1.114s] DEBUG:colcon.colcon_core.shell:Skip shell extension 'dsv' for command environment
[1.123s] DEBUG:colcon.colcon_core.event_handler.log_command:Invoked command in '/home/marc/Programming/robotics-prototype/robot/rospackages/build/joy_control' returned '0': CMAKE_PREFIX_PATH=${CMAKE_PREFIX_PATH}:/home/marc/Programming/robotics-prototype/robot/rospackages/install/mcu_control_python:/opt/ros/humble VIRTUAL_ENV_PROMPT=(venv) /usr/bin/cmake --build /home/marc/Programming/robotics-prototype/robot/rospackages/build/joy_control -- -j16 -l16
[1.168s] DEBUG:colcon.colcon_core.event_handler.log_command:Invoking command in '/home/marc/Programming/robotics-prototype/robot/rospackages/build/joy_control': CMAKE_PREFIX_PATH=${CMAKE_PREFIX_PATH}:/home/marc/Programming/robotics-prototype/robot/rospackages/install/mcu_control_python:/opt/ros/humble VIRTUAL_ENV_PROMPT=(venv) /usr/bin/cmake --install /home/marc/Programming/robotics-prototype/robot/rospackages/build/joy_control
[1.204s] Level 1:colcon.colcon_core.environment:create_environment_scripts_only(joy_control)
[1.206s] DEBUG:colcon.colcon_core.event_handler.log_command:Invoked command in '/home/marc/Programming/robotics-prototype/robot/rospackages/build/joy_control' returned '0': CMAKE_PREFIX_PATH=${CMAKE_PREFIX_PATH}:/home/marc/Programming/robotics-prototype/robot/rospackages/install/mcu_control_python:/opt/ros/humble VIRTUAL_ENV_PROMPT=(venv) /usr/bin/cmake --install /home/marc/Programming/robotics-prototype/robot/rospackages/build/joy_control
[1.215s] Level 1:colcon.colcon_core.environment:checking '/home/marc/Programming/robotics-prototype/robot/rospackages/install/joy_control' for CMake module files
[1.216s] Level 1:colcon.colcon_core.environment:checking '/home/marc/Programming/robotics-prototype/robot/rospackages/install/joy_control' for CMake config files
[1.216s] Level 1:colcon.colcon_core.shell:create_environment_hook('joy_control', 'cmake_prefix_path')
[1.218s] INFO:colcon.colcon_core.shell:Creating environment hook '/home/marc/Programming/robotics-prototype/robot/rospackages/install/joy_control/share/joy_control/hook/cmake_prefix_path.ps1'
[1.219s] INFO:colcon.colcon_core.shell:Creating environment descriptor '/home/marc/Programming/robotics-prototype/robot/rospackages/install/joy_control/share/joy_control/hook/cmake_prefix_path.dsv'
[1.220s] INFO:colcon.colcon_core.shell:Creating environment hook '/home/marc/Programming/robotics-prototype/robot/rospackages/install/joy_control/share/joy_control/hook/cmake_prefix_path.sh'
[1.221s] Level 1:colcon.colcon_core.environment:checking '/home/marc/Programming/robotics-prototype/robot/rospackages/install/joy_control/lib'
[1.221s] Level 1:colcon.colcon_core.environment:checking '/home/marc/Programming/robotics-prototype/robot/rospackages/install/joy_control/bin'
[1.221s] Level 1:colcon.colcon_core.environment:checking '/home/marc/Programming/robotics-prototype/robot/rospackages/install/joy_control/lib/pkgconfig/joy_control.pc'
[1.222s] Level 1:colcon.colcon_core.environment:checking '/home/marc/Programming/robotics-prototype/robot/rospackages/install/joy_control/lib/python3.10/site-packages'
[1.222s] Level 1:colcon.colcon_core.environment:checking '/home/marc/Programming/robotics-prototype/robot/rospackages/install/joy_control/bin'
[1.224s] INFO:colcon.colcon_core.shell:Creating package script '/home/marc/Programming/robotics-prototype/robot/rospackages/install/joy_control/share/joy_control/package.ps1'
[1.225s] INFO:colcon.colcon_core.shell:Creating package descriptor '/home/marc/Programming/robotics-prototype/robot/rospackages/install/joy_control/share/joy_control/package.dsv'
[1.226s] INFO:colcon.colcon_core.shell:Creating package script '/home/marc/Programming/robotics-prototype/robot/rospackages/install/joy_control/share/joy_control/package.sh'
[1.227s] INFO:colcon.colcon_core.shell:Creating package script '/home/marc/Programming/robotics-prototype/robot/rospackages/install/joy_control/share/joy_control/package.bash'
[1.229s] INFO:colcon.colcon_core.shell:Creating package script '/home/marc/Programming/robotics-prototype/robot/rospackages/install/joy_control/share/joy_control/package.zsh'
[1.230s] Level 1:colcon.colcon_core.environment:create_file_with_runtime_dependencies(/home/marc/Programming/robotics-prototype/robot/rospackages/install/joy_control/share/colcon-core/packages/joy_control)
[1.261s] Level 1:colcon.colcon_core.environment:create_environment_scripts_only(joy_control)
[1.264s] Level 1:colcon.colcon_core.environment:checking '/home/marc/Programming/robotics-prototype/robot/rospackages/install/joy_control' for CMake module files
[1.265s] Level 1:colcon.colcon_core.environment:checking '/home/marc/Programming/robotics-prototype/robot/rospackages/install/joy_control' for CMake config files
[1.265s] Level 1:colcon.colcon_core.shell:create_environment_hook('joy_control', 'cmake_prefix_path')
[1.267s] INFO:colcon.colcon_core.shell:Creating environment hook '/home/marc/Programming/robotics-prototype/robot/rospackages/install/joy_control/share/joy_control/hook/cmake_prefix_path.ps1'
[1.268s] INFO:colcon.colcon_core.shell:Creating environment descriptor '/home/marc/Programming/robotics-prototype/robot/rospackages/install/joy_control/share/joy_control/hook/cmake_prefix_path.dsv'
[1.268s] INFO:colcon.colcon_core.shell:Creating environment hook '/home/marc/Programming/robotics-prototype/robot/rospackages/install/joy_control/share/joy_control/hook/cmake_prefix_path.sh'
[1.269s] Level 1:colcon.colcon_core.environment:checking '/home/marc/Programming/robotics-prototype/robot/rospackages/install/joy_control/lib'
[1.269s] Level 1:colcon.colcon_core.environment:checking '/home/marc/Programming/robotics-prototype/robot/rospackages/install/joy_control/bin'
[1.269s] Level 1:colcon.colcon_core.environment:checking '/home/marc/Programming/robotics-prototype/robot/rospackages/install/joy_control/lib/pkgconfig/joy_control.pc'
[1.270s] Level 1:colcon.colcon_core.environment:checking '/home/marc/Programming/robotics-prototype/robot/rospackages/install/joy_control/lib/python3.10/site-packages'
[1.270s] Level 1:colcon.colcon_core.environment:checking '/home/marc/Programming/robotics-prototype/robot/rospackages/install/joy_control/bin'
[1.272s] INFO:colcon.colcon_core.shell:Creating package script '/home/marc/Programming/robotics-prototype/robot/rospackages/install/joy_control/share/joy_control/package.ps1'
[1.273s] INFO:colcon.colcon_core.shell:Creating package descriptor '/home/marc/Programming/robotics-prototype/robot/rospackages/install/joy_control/share/joy_control/package.dsv'
[1.274s] INFO:colcon.colcon_core.shell:Creating package script '/home/marc/Programming/robotics-prototype/robot/rospackages/install/joy_control/share/joy_control/package.sh'
[1.274s] INFO:colcon.colcon_core.shell:Creating package script '/home/marc/Programming/robotics-prototype/robot/rospackages/install/joy_control/share/joy_control/package.bash'
[1.275s] INFO:colcon.colcon_core.shell:Creating package script '/home/marc/Programming/robotics-prototype/robot/rospackages/install/joy_control/share/joy_control/package.zsh'
[1.275s] Level 1:colcon.colcon_core.environment:create_file_with_runtime_dependencies(/home/marc/Programming/robotics-prototype/robot/rospackages/install/joy_control/share/colcon-core/packages/joy_control)
[1.644s] DEBUG:colcon.colcon_core.event_handler.log_command:Invoking command in '/home/marc/Programming/robotics-prototype/robot/rospackages/src/mcu_control_python': PYTHONPATH=/home/marc/Programming/robotics-prototype/robot/rospackages/build/mcu_control_python/prefix_override:/home/marc/Programming/robotics-prototype/robot/rospackages/install/mcu_control_python/lib/python3.10/site-packages:${PYTHONPATH} VIRTUAL_ENV_PROMPT=(venv) /usr/bin/python3 setup.py egg_info --egg-base ../../build/mcu_control_python build --build-base /home/marc/Programming/robotics-prototype/robot/rospackages/build/mcu_control_python/build install --record /home/marc/Programming/robotics-prototype/robot/rospackages/build/mcu_control_python/install.log --install-scripts $base/lib/mcu_control_python --single-version-externally-managed
[2.070s] Level 1:colcon.colcon_core.environment:checking '/home/marc/Programming/robotics-prototype/robot/rospackages/install/mcu_control_python' for CMake module files
[2.071s] DEBUG:colcon.colcon_core.event_handler.log_command:Invoked command in '/home/marc/Programming/robotics-prototype/robot/rospackages/src/mcu_control_python' returned '0': PYTHONPATH=/home/marc/Programming/robotics-prototype/robot/rospackages/build/mcu_control_python/prefix_override:/home/marc/Programming/robotics-prototype/robot/rospackages/install/mcu_control_python/lib/python3.10/site-packages:${PYTHONPATH} VIRTUAL_ENV_PROMPT=(venv) /usr/bin/python3 setup.py egg_info --egg-base ../../build/mcu_control_python build --build-base /home/marc/Programming/robotics-prototype/robot/rospackages/build/mcu_control_python/build install --record /home/marc/Programming/robotics-prototype/robot/rospackages/build/mcu_control_python/install.log --install-scripts $base/lib/mcu_control_python --single-version-externally-managed
[2.072s] Level 1:colcon.colcon_core.environment:checking '/home/marc/Programming/robotics-prototype/robot/rospackages/install/mcu_control_python' for CMake config files
[2.073s] Level 1:colcon.colcon_core.environment:checking '/home/marc/Programming/robotics-prototype/robot/rospackages/install/mcu_control_python/lib'
[2.073s] Level 1:colcon.colcon_core.environment:checking '/home/marc/Programming/robotics-prototype/robot/rospackages/install/mcu_control_python/bin'
[2.073s] Level 1:colcon.colcon_core.environment:checking '/home/marc/Programming/robotics-prototype/robot/rospackages/install/mcu_control_python/lib/pkgconfig/mcu_control_python.pc'
[2.074s] Level 1:colcon.colcon_core.environment:checking '/home/marc/Programming/robotics-prototype/robot/rospackages/install/mcu_control_python/lib/python3.10/site-packages'
[2.074s] Level 1:colcon.colcon_core.shell:create_environment_hook('mcu_control_python', 'pythonpath')
[2.076s] INFO:colcon.colcon_core.shell:Creating environment hook '/home/marc/Programming/robotics-prototype/robot/rospackages/install/mcu_control_python/share/mcu_control_python/hook/pythonpath.ps1'
[2.076s] INFO:colcon.colcon_core.shell:Creating environment descriptor '/home/marc/Programming/robotics-prototype/robot/rospackages/install/mcu_control_python/share/mcu_control_python/hook/pythonpath.dsv'
[2.077s] INFO:colcon.colcon_core.shell:Creating environment hook '/home/marc/Programming/robotics-prototype/robot/rospackages/install/mcu_control_python/share/mcu_control_python/hook/pythonpath.sh'
[2.077s] Level 1:colcon.colcon_core.environment:checking '/home/marc/Programming/robotics-prototype/robot/rospackages/install/mcu_control_python/bin'
[2.077s] Level 1:colcon.colcon_core.environment:create_environment_scripts_only(mcu_control_python)
[2.079s] INFO:colcon.colcon_core.shell:Creating package script '/home/marc/Programming/robotics-prototype/robot/rospackages/install/mcu_control_python/share/mcu_control_python/package.ps1'
[2.080s] INFO:colcon.colcon_core.shell:Creating package descriptor '/home/marc/Programming/robotics-prototype/robot/rospackages/install/mcu_control_python/share/mcu_control_python/package.dsv'
[2.080s] INFO:colcon.colcon_core.shell:Creating package script '/home/marc/Programming/robotics-prototype/robot/rospackages/install/mcu_control_python/share/mcu_control_python/package.sh'
[2.081s] INFO:colcon.colcon_core.shell:Creating package script '/home/marc/Programming/robotics-prototype/robot/rospackages/install/mcu_control_python/share/mcu_control_python/package.bash'
[2.081s] INFO:colcon.colcon_core.shell:Creating package script '/home/marc/Programming/robotics-prototype/robot/rospackages/install/mcu_control_python/share/mcu_control_python/package.zsh'
[2.081s] Level 1:colcon.colcon_core.environment:create_file_with_runtime_dependencies(/home/marc/Programming/robotics-prototype/robot/rospackages/install/mcu_control_python/share/colcon-core/packages/mcu_control_python)
[2.082s] DEBUG:colcon.colcon_parallel_executor.executor.parallel:closing loop
[2.082s] DEBUG:colcon.colcon_parallel_executor.executor.parallel:loop closed
[2.082s] DEBUG:colcon.colcon_parallel_executor.executor.parallel:run_until_complete finished with '0'
[2.082s] DEBUG:colcon.colcon_core.event_reactor:joining thread
[2.091s] INFO:colcon.colcon_core.plugin_system:Skipping extension 'colcon_notification.desktop_notification.terminal_notifier': Not used on non-Darwin systems
[2.092s] INFO:colcon.colcon_core.plugin_system:Skipping extension 'colcon_notification.desktop_notification.win32': Not used on non-Windows systems
[2.092s] INFO:colcon.colcon_notification.desktop_notification:Sending desktop notification using 'notify2'
[2.134s] DEBUG:colcon.colcon_core.event_reactor:joined thread
[2.138s] INFO:colcon.colcon_core.shell:Creating prefix script '/home/marc/Programming/robotics-prototype/robot/rospackages/install/local_setup.ps1'
[2.141s] INFO:colcon.colcon_core.shell:Creating prefix util module '/home/marc/Programming/robotics-prototype/robot/rospackages/install/_local_setup_util_ps1.py'
[2.144s] INFO:colcon.colcon_core.shell:Creating prefix chain script '/home/marc/Programming/robotics-prototype/robot/rospackages/install/setup.ps1'
[2.148s] INFO:colcon.colcon_core.shell:Creating prefix script '/home/marc/Programming/robotics-prototype/robot/rospackages/install/local_setup.sh'
[2.150s] INFO:colcon.colcon_core.shell:Creating prefix util module '/home/marc/Programming/robotics-prototype/robot/rospackages/install/_local_setup_util_sh.py'
[2.151s] INFO:colcon.colcon_core.shell:Creating prefix chain script '/home/marc/Programming/robotics-prototype/robot/rospackages/install/setup.sh'
[2.154s] INFO:colcon.colcon_core.shell:Creating prefix script '/home/marc/Programming/robotics-prototype/robot/rospackages/install/local_setup.bash'
[2.156s] INFO:colcon.colcon_core.shell:Creating prefix chain script '/home/marc/Programming/robotics-prototype/robot/rospackages/install/setup.bash'
[2.159s] INFO:colcon.colcon_core.shell:Creating prefix script '/home/marc/Programming/robotics-prototype/robot/rospackages/install/local_setup.zsh'
[2.160s] INFO:colcon.colcon_core.shell:Creating prefix chain script '/home/marc/Programming/robotics-prototype/robot/rospackages/install/setup.zsh'
