Determining if the pthread_create exist failed with the following output:
Change Dir: /home/vashmata/Programming/git/robotics-prototype/robot/rospackages/build/CMakeFiles/CMakeTmp

Run Build Command:"/usr/bin/make" "cmTC_8cc8d/fast"
/usr/bin/make -f CMakeFiles/cmTC_8cc8d.dir/build.make CMakeFiles/cmTC_8cc8d.dir/build
make[1]: Entering directory '/home/vashmata/Programming/git/robotics-prototype/robot/rospackages/build/CMakeFiles/CMakeTmp'
Building C object CMakeFiles/cmTC_8cc8d.dir/CheckSymbolExists.c.o
/usr/bin/cc     -o CMakeFiles/cmTC_8cc8d.dir/CheckSymbolExists.c.o   -c /home/vashmata/Programming/git/robotics-prototype/robot/rospackages/build/CMakeFiles/CMakeTmp/CheckSymbolExists.c
Linking C executable cmTC_8cc8d
/usr/bin/cmake -E cmake_link_script CMakeFiles/cmTC_8cc8d.dir/link.txt --verbose=1
/usr/bin/cc       CMakeFiles/cmTC_8cc8d.dir/CheckSymbolExists.c.o  -o cmTC_8cc8d -rdynamic 
CMakeFiles/cmTC_8cc8d.dir/CheckSymbolExists.c.o: In function `main':
CheckSymbolExists.c:(.text+0x16): undefined reference to `pthread_create'
collect2: error: ld returned 1 exit status
CMakeFiles/cmTC_8cc8d.dir/build.make:97: recipe for target 'cmTC_8cc8d' failed
make[1]: *** [cmTC_8cc8d] Error 1
make[1]: Leaving directory '/home/vashmata/Programming/git/robotics-prototype/robot/rospackages/build/CMakeFiles/CMakeTmp'
Makefile:126: recipe for target 'cmTC_8cc8d/fast' failed
make: *** [cmTC_8cc8d/fast] Error 2

File /home/vashmata/Programming/git/robotics-prototype/robot/rospackages/build/CMakeFiles/CMakeTmp/CheckSymbolExists.c:
/* */
#include <pthread.h>

int main(int argc, char** argv)
{
  (void)argv;
#ifndef pthread_create
  return ((int*)(&pthread_create))[argc];
#else
  (void)argc;
  return 0;
#endif
}

Determining if the function pthread_create exists in the pthreads failed with the following output:
Change Dir: /home/vashmata/Programming/git/robotics-prototype/robot/rospackages/build/CMakeFiles/CMakeTmp

Run Build Command:"/usr/bin/make" "cmTC_f9d3b/fast"
/usr/bin/make -f CMakeFiles/cmTC_f9d3b.dir/build.make CMakeFiles/cmTC_f9d3b.dir/build
make[1]: Entering directory '/home/vashmata/Programming/git/robotics-prototype/robot/rospackages/build/CMakeFiles/CMakeTmp'
Building C object CMakeFiles/cmTC_f9d3b.dir/CheckFunctionExists.c.o
/usr/bin/cc    -DCHECK_FUNCTION_EXISTS=pthread_create   -o CMakeFiles/cmTC_f9d3b.dir/CheckFunctionExists.c.o   -c /usr/share/cmake-3.5/Modules/CheckFunctionExists.c
Linking C executable cmTC_f9d3b
/usr/bin/cmake -E cmake_link_script CMakeFiles/cmTC_f9d3b.dir/link.txt --verbose=1
/usr/bin/cc   -DCHECK_FUNCTION_EXISTS=pthread_create    CMakeFiles/cmTC_f9d3b.dir/CheckFunctionExists.c.o  -o cmTC_f9d3b -rdynamic -lpthreads 
/usr/bin/ld: cannot find -lpthreads
collect2: error: ld returned 1 exit status
CMakeFiles/cmTC_f9d3b.dir/build.make:97: recipe for target 'cmTC_f9d3b' failed
make[1]: *** [cmTC_f9d3b] Error 1
make[1]: Leaving directory '/home/vashmata/Programming/git/robotics-prototype/robot/rospackages/build/CMakeFiles/CMakeTmp'
Makefile:126: recipe for target 'cmTC_f9d3b/fast' failed
make: *** [cmTC_f9d3b/fast] Error 2


