[0.022s] Invoking command in '/home/marc/Programming/robotics-prototype/robot/rospackages/build/joy_control': CMAKE_PREFIX_PATH=${CMAKE_PREFIX_PATH}:/home/marc/Programming/robotics-prototype/robot/rospackages/install/mcu_control_python:/opt/ros/humble VIRTUAL_ENV_PROMPT=(venv) /usr/bin/cmake --build /home/marc/Programming/robotics-prototype/robot/rospackages/build/joy_control -- -j16 -l16
[0.098s] [100%] Built target joy_comms_control_node
[0.368s] Invoked command in '/home/marc/Programming/robotics-prototype/robot/rospackages/build/joy_control' returned '0': CMAKE_PREFIX_PATH=${CMAKE_PREFIX_PATH}:/home/marc/Programming/robotics-prototype/robot/rospackages/install/mcu_control_python:/opt/ros/humble VIRTUAL_ENV_PROMPT=(venv) /usr/bin/cmake --build /home/marc/Programming/robotics-prototype/robot/rospackages/build/joy_control -- -j16 -l16
[0.411s] Invoking command in '/home/marc/Programming/robotics-prototype/robot/rospackages/build/joy_control': CMAKE_PREFIX_PATH=${CMAKE_PREFIX_PATH}:/home/marc/Programming/robotics-prototype/robot/rospackages/install/mcu_control_python:/opt/ros/humble VIRTUAL_ENV_PROMPT=(venv) /usr/bin/cmake --install /home/marc/Programming/robotics-prototype/robot/rospackages/build/joy_control
[0.419s] -- Install configuration: ""
[0.420s] -- Up-to-date: /home/marc/Programming/robotics-prototype/robot/rospackages/install/joy_control/lib/joy_control/joy_comms_control_node
[0.420s] -- Up-to-date: /home/marc/Programming/robotics-prototype/robot/rospackages/install/joy_control/share/joy_control
[0.420s] -- Up-to-date: /home/marc/Programming/robotics-prototype/robot/rospackages/install/joy_control/share/joy_control/joy_comms_config.yaml
[0.420s] -- Up-to-date: /home/marc/Programming/robotics-prototype/robot/rospackages/install/joy_control/share/joy_control
[0.421s] -- Up-to-date: /home/marc/Programming/robotics-prototype/robot/rospackages/install/joy_control/share/joy_control/joy_comms_manual.xml
[0.421s] -- Up-to-date: /home/marc/Programming/robotics-prototype/robot/rospackages/install/joy_control/share/ament_index/resource_index/package_run_dependencies/joy_control
[0.421s] -- Up-to-date: /home/marc/Programming/robotics-prototype/robot/rospackages/install/joy_control/share/ament_index/resource_index/parent_prefix_path/joy_control
[0.421s] -- Up-to-date: /home/marc/Programming/robotics-prototype/robot/rospackages/install/joy_control/share/joy_control/environment/ament_prefix_path.sh
[0.421s] -- Up-to-date: /home/marc/Programming/robotics-prototype/robot/rospackages/install/joy_control/share/joy_control/environment/ament_prefix_path.dsv
[0.422s] -- Up-to-date: /home/marc/Programming/robotics-prototype/robot/rospackages/install/joy_control/share/joy_control/environment/path.sh
[0.422s] -- Up-to-date: /home/marc/Programming/robotics-prototype/robot/rospackages/install/joy_control/share/joy_control/environment/path.dsv
[0.422s] -- Up-to-date: /home/marc/Programming/robotics-prototype/robot/rospackages/install/joy_control/share/joy_control/local_setup.bash
[0.422s] -- Up-to-date: /home/marc/Programming/robotics-prototype/robot/rospackages/install/joy_control/share/joy_control/local_setup.sh
[0.422s] -- Up-to-date: /home/marc/Programming/robotics-prototype/robot/rospackages/install/joy_control/share/joy_control/local_setup.zsh
[0.422s] -- Up-to-date: /home/marc/Programming/robotics-prototype/robot/rospackages/install/joy_control/share/joy_control/local_setup.dsv
[0.422s] -- Installing: /home/marc/Programming/robotics-prototype/robot/rospackages/install/joy_control/share/joy_control/package.dsv
[0.423s] -- Up-to-date: /home/marc/Programming/robotics-prototype/robot/rospackages/install/joy_control/share/ament_index/resource_index/packages/joy_control
[0.423s] -- Up-to-date: /home/marc/Programming/robotics-prototype/robot/rospackages/install/joy_control/share/joy_control/cmake/joy_controlConfig.cmake
[0.423s] -- Up-to-date: /home/marc/Programming/robotics-prototype/robot/rospackages/install/joy_control/share/joy_control/cmake/joy_controlConfig-version.cmake
[0.424s] -- Up-to-date: /home/marc/Programming/robotics-prototype/robot/rospackages/install/joy_control/share/joy_control/package.xml
[0.433s] Invoked command in '/home/marc/Programming/robotics-prototype/robot/rospackages/build/joy_control' returned '0': CMAKE_PREFIX_PATH=${CMAKE_PREFIX_PATH}:/home/marc/Programming/robotics-prototype/robot/rospackages/install/mcu_control_python:/opt/ros/humble VIRTUAL_ENV_PROMPT=(venv) /usr/bin/cmake --install /home/marc/Programming/robotics-prototype/robot/rospackages/build/joy_control
