Compiling the C compiler identification source file "CMakeCCompilerId.c" failed.
Compiler: /home/nikolas/arduino-1.8.12/hardware/tools/arm/bin/arm-none-eabi-gcc 
Build flags: 
Id flags:  

The output was:
1
/home/nikolas/arduino-1.8.12/hardware/tools/arm/bin/../lib/gcc/arm-none-eabi/5.4.1/../../../../arm-none-eabi/bin/ld: cannot find crti.o: No such file or directory
/home/nikolas/arduino-1.8.12/hardware/tools/arm/bin/../lib/gcc/arm-none-eabi/5.4.1/../../../../arm-none-eabi/bin/ld: cannot find crtbegin.o: No such file or directory
/home/nikolas/arduino-1.8.12/hardware/tools/arm/bin/../lib/gcc/arm-none-eabi/5.4.1/../../../../arm-none-eabi/bin/ld: cannot find crt0.o: No such file or directory
/home/nikolas/arduino-1.8.12/hardware/tools/arm/bin/../lib/gcc/arm-none-eabi/5.4.1/../../../../arm-none-eabi/bin/ld: cannot find -lgcc
/home/nikolas/arduino-1.8.12/hardware/tools/arm/bin/../lib/gcc/arm-none-eabi/5.4.1/../../../../arm-none-eabi/bin/ld: cannot find -lc
collect2: error: ld returned 1 exit status


Compiling the CXX compiler identification source file "CMakeCXXCompilerId.cpp" failed.
Compiler: /home/nikolas/arduino-1.8.12/hardware/tools/arm/bin/arm-none-eabi-g++ 
Build flags: 
Id flags:  

The output was:
1
/home/nikolas/arduino-1.8.12/hardware/tools/arm/bin/../lib/gcc/arm-none-eabi/5.4.1/../../../../arm-none-eabi/bin/ld: cannot find crti.o: No such file or directory
/home/nikolas/arduino-1.8.12/hardware/tools/arm/bin/../lib/gcc/arm-none-eabi/5.4.1/../../../../arm-none-eabi/bin/ld: cannot find crtbegin.o: No such file or directory
/home/nikolas/arduino-1.8.12/hardware/tools/arm/bin/../lib/gcc/arm-none-eabi/5.4.1/../../../../arm-none-eabi/bin/ld: cannot find crt0.o: No such file or directory
/home/nikolas/arduino-1.8.12/hardware/tools/arm/bin/../lib/gcc/arm-none-eabi/5.4.1/../../../../arm-none-eabi/bin/ld: cannot find -lstdc++
/home/nikolas/arduino-1.8.12/hardware/tools/arm/bin/../lib/gcc/arm-none-eabi/5.4.1/../../../../arm-none-eabi/bin/ld: cannot find -lm
/home/nikolas/arduino-1.8.12/hardware/tools/arm/bin/../lib/gcc/arm-none-eabi/5.4.1/../../../../arm-none-eabi/bin/ld: cannot find -lgcc
/home/nikolas/arduino-1.8.12/hardware/tools/arm/bin/../lib/gcc/arm-none-eabi/5.4.1/../../../../arm-none-eabi/bin/ld: cannot find -lc
collect2: error: ld returned 1 exit status


Detecting C compiler ABI info failed to compile with the following output:
Change Dir: /home/nikolas/Programming/robotics-prototype/robot/rover/cmake-build-debug/CMakeFiles/CMakeTmp

Run Build Command(s):/usr/bin/make cmTC_908ad/fast && /usr/bin/make  -f CMakeFiles/cmTC_908ad.dir/build.make CMakeFiles/cmTC_908ad.dir/build
make[1]: Entering directory '/home/nikolas/Programming/robotics-prototype/robot/rover/cmake-build-debug/CMakeFiles/CMakeTmp'
Building C object CMakeFiles/cmTC_908ad.dir/CMakeCCompilerABI.c.o
/home/nikolas/arduino-1.8.12/hardware/tools/arm/bin/arm-none-eabi-gcc   -v -o CMakeFiles/cmTC_908ad.dir/CMakeCCompilerABI.c.o   -c /snap/clion/124/bin/cmake/linux/share/cmake-3.17/Modules/CMakeCCompilerABI.c
Using built-in specs.
COLLECT_GCC=/home/nikolas/arduino-1.8.12/hardware/tools/arm/bin/arm-none-eabi-gcc
Target: arm-none-eabi
Configured with: /home/paul/gcc-arm-none-eabi-5_4-2016q3-20160926/src/gcc/configure --target=arm-none-eabi --prefix=/home/paul/gcc-arm-none-eabi-5_4-2016q3-20160926/install-native --libexecdir=/home/paul/gcc-arm-none-eabi-5_4-2016q3-20160926/install-native/lib --infodir=/home/paul/gcc-arm-none-eabi-5_4-2016q3-20160926/install-native/share/doc/gcc-arm-none-eabi/info --mandir=/home/paul/gcc-arm-none-eabi-5_4-2016q3-20160926/install-native/share/doc/gcc-arm-none-eabi/man --htmldir=/home/paul/gcc-arm-none-eabi-5_4-2016q3-20160926/install-native/share/doc/gcc-arm-none-eabi/html --pdfdir=/home/paul/gcc-arm-none-eabi-5_4-2016q3-20160926/install-native/share/doc/gcc-arm-none-eabi/pdf --enable-languages=c,c++ --enable-plugins --disable-decimal-float --disable-libffi --disable-libgomp --disable-libmudflap --disable-libquadmath --disable-libssp --disable-libstdcxx-pch --disable-nls --disable-shared --disable-threads --disable-tls --with-gnu-as --with-gnu-ld --with-newlib --with-headers=yes --with-python-dir=share/gcc-arm-none-eabi --with-sysroot=/home/paul/gcc-arm-none-eabi-5_4-2016q3-20160926/install-native/arm-none-eabi --build=x86_64-linux-gnu --host=x86_64-linux-gnu --with-gmp=/home/paul/gcc-arm-none-eabi-5_4-2016q3-20160926/build-native/host-libs/usr --with-mpfr=/home/paul/gcc-arm-none-eabi-5_4-2016q3-20160926/build-native/host-libs/usr --with-mpc=/home/paul/gcc-arm-none-eabi-5_4-2016q3-20160926/build-native/host-libs/usr --with-isl=/home/paul/gcc-arm-none-eabi-5_4-2016q3-20160926/build-native/host-libs/usr --with-cloog=/home/paul/gcc-arm-none-eabi-5_4-2016q3-20160926/build-native/host-libs/usr --with-libelf=/home/paul/gcc-arm-none-eabi-5_4-2016q3-20160926/build-native/host-libs/usr --with-host-libstdcxx='-static-libgcc -Wl,-Bstatic,-lstdc++,-Bdynamic -lm' --with-pkgversion='GNU Tools for ARM Embedded Processors' --with-multilib-list=armv6-m,armv7-m,armv7e-m,armv7-r,armv8-m.base,armv8-m.main
Thread model: single
gcc version 5.4.1 20160919 (release) [ARM/embedded-5-branch revision 240496] (GNU Tools for ARM Embedded Processors) 
COLLECT_GCC_OPTIONS='-v' '-o' 'CMakeFiles/cmTC_908ad.dir/CMakeCCompilerABI.c.o' '-c'
 /home/nikolas/arduino-1.8.12/hardware/tools/arm/bin/../lib/gcc/arm-none-eabi/5.4.1/cc1 -quiet -v -iprefix /home/nikolas/arduino-1.8.12/hardware/tools/arm/bin/../lib/gcc/arm-none-eabi/5.4.1/ -isysroot /home/nikolas/arduino-1.8.12/hardware/tools/arm/bin/../arm-none-eabi -D__USES_INITFINI__ /snap/clion/124/bin/cmake/linux/share/cmake-3.17/Modules/CMakeCCompilerABI.c -quiet -dumpbase CMakeCCompilerABI.c -auxbase-strip CMakeFiles/cmTC_908ad.dir/CMakeCCompilerABI.c.o -version -o /tmp/ccKFIE1x.s
GNU C11 (GNU Tools for ARM Embedded Processors) version 5.4.1 20160919 (release) [ARM/embedded-5-branch revision 240496] (arm-none-eabi)
	compiled by GNU C version 4.3.2, GMP version 4.3.2, MPFR version 2.4.2, MPC version 0.8.1
GGC heuristics: --param ggc-min-expand=100 --param ggc-min-heapsize=131072
ignoring duplicate directory "/home/nikolas/arduino-1.8.12/hardware/tools/arm/bin/../lib/gcc/../../lib/gcc/arm-none-eabi/5.4.1/include"
ignoring nonexistent directory "/home/nikolas/arduino-1.8.12/hardware/tools/arm/bin/../arm-none-eabi/usr/local/include"
ignoring duplicate directory "/home/nikolas/arduino-1.8.12/hardware/tools/arm/bin/../lib/gcc/../../lib/gcc/arm-none-eabi/5.4.1/include-fixed"
ignoring duplicate directory "/home/nikolas/arduino-1.8.12/hardware/tools/arm/bin/../lib/gcc/../../lib/gcc/arm-none-eabi/5.4.1/../../../../arm-none-eabi/include"
ignoring nonexistent directory "/home/nikolas/arduino-1.8.12/hardware/tools/arm/bin/../arm-none-eabi/usr/include"
#include "..." search starts here:
#include <...> search starts here:
 /home/nikolas/arduino-1.8.12/hardware/tools/arm/bin/../lib/gcc/arm-none-eabi/5.4.1/include
 /home/nikolas/arduino-1.8.12/hardware/tools/arm/bin/../lib/gcc/arm-none-eabi/5.4.1/include-fixed
 /home/nikolas/arduino-1.8.12/hardware/tools/arm/bin/../lib/gcc/arm-none-eabi/5.4.1/../../../../arm-none-eabi/include
End of search list.
GNU C11 (GNU Tools for ARM Embedded Processors) version 5.4.1 20160919 (release) [ARM/embedded-5-branch revision 240496] (arm-none-eabi)
	compiled by GNU C version 4.3.2, GMP version 4.3.2, MPFR version 2.4.2, MPC version 0.8.1
GGC heuristics: --param ggc-min-expand=100 --param ggc-min-heapsize=131072
Compiler executable checksum: ce524ff683f2306e8a5e16f85f4f33cb
COLLECT_GCC_OPTIONS='-v' '-o' 'CMakeFiles/cmTC_908ad.dir/CMakeCCompilerABI.c.o' '-c'
 /home/nikolas/arduino-1.8.12/hardware/tools/arm/bin/../lib/gcc/arm-none-eabi/5.4.1/../../../../arm-none-eabi/bin/as -v -meabi=5 -o CMakeFiles/cmTC_908ad.dir/CMakeCCompilerABI.c.o /tmp/ccKFIE1x.s
GNU assembler version 2.26.2 (arm-none-eabi) using BFD version (GNU Tools for ARM Embedded Processors) 2.26.2.20160923
COMPILER_PATH=/home/nikolas/arduino-1.8.12/hardware/tools/arm/bin/../lib/gcc/arm-none-eabi/5.4.1/:/home/nikolas/arduino-1.8.12/hardware/tools/arm/bin/../lib/gcc/:/home/nikolas/arduino-1.8.12/hardware/tools/arm/bin/../lib/gcc/arm-none-eabi/5.4.1/../../../../arm-none-eabi/bin/
LIBRARY_PATH=/home/nikolas/arduino-1.8.12/hardware/tools/arm/bin/../lib/gcc/arm-none-eabi/5.4.1/:/home/nikolas/arduino-1.8.12/hardware/tools/arm/bin/../lib/gcc/:/home/nikolas/arduino-1.8.12/hardware/tools/arm/bin/../lib/gcc/arm-none-eabi/5.4.1/../../../../arm-none-eabi/lib/:/home/nikolas/arduino-1.8.12/hardware/tools/arm/bin/../arm-none-eabi/lib/
COLLECT_GCC_OPTIONS='-v' '-o' 'CMakeFiles/cmTC_908ad.dir/CMakeCCompilerABI.c.o' '-c'
Linking C executable cmTC_908ad
/snap/clion/124/bin/cmake/linux/bin/cmake -E cmake_link_script CMakeFiles/cmTC_908ad.dir/link.txt --verbose=1
/home/nikolas/arduino-1.8.12/hardware/tools/arm/bin/arm-none-eabi-gcc     -v CMakeFiles/cmTC_908ad.dir/CMakeCCompilerABI.c.o  -o cmTC_908ad 
Using built-in specs.
COLLECT_GCC=/home/nikolas/arduino-1.8.12/hardware/tools/arm/bin/arm-none-eabi-gcc
COLLECT_LTO_WRAPPER=/home/nikolas/arduino-1.8.12/hardware/tools/arm/bin/../lib/gcc/arm-none-eabi/5.4.1/lto-wrapper
Target: arm-none-eabi
Configured with: /home/paul/gcc-arm-none-eabi-5_4-2016q3-20160926/src/gcc/configure --target=arm-none-eabi --prefix=/home/paul/gcc-arm-none-eabi-5_4-2016q3-20160926/install-native --libexecdir=/home/paul/gcc-arm-none-eabi-5_4-2016q3-20160926/install-native/lib --infodir=/home/paul/gcc-arm-none-eabi-5_4-2016q3-20160926/install-native/share/doc/gcc-arm-none-eabi/info --mandir=/home/paul/gcc-arm-none-eabi-5_4-2016q3-20160926/install-native/share/doc/gcc-arm-none-eabi/man --htmldir=/home/paul/gcc-arm-none-eabi-5_4-2016q3-20160926/install-native/share/doc/gcc-arm-none-eabi/html --pdfdir=/home/paul/gcc-arm-none-eabi-5_4-2016q3-20160926/install-native/share/doc/gcc-arm-none-eabi/pdf --enable-languages=c,c++ --enable-plugins --disable-decimal-float --disable-libffi --disable-libgomp --disable-libmudflap --disable-libquadmath --disable-libssp --disable-libstdcxx-pch --disable-nls --disable-shared --disable-threads --disable-tls --with-gnu-as --with-gnu-ld --with-newlib --with-headers=yes --with-python-dir=share/gcc-arm-none-eabi --with-sysroot=/home/paul/gcc-arm-none-eabi-5_4-2016q3-20160926/install-native/arm-none-eabi --build=x86_64-linux-gnu --host=x86_64-linux-gnu --with-gmp=/home/paul/gcc-arm-none-eabi-5_4-2016q3-20160926/build-native/host-libs/usr --with-mpfr=/home/paul/gcc-arm-none-eabi-5_4-2016q3-20160926/build-native/host-libs/usr --with-mpc=/home/paul/gcc-arm-none-eabi-5_4-2016q3-20160926/build-native/host-libs/usr --with-isl=/home/paul/gcc-arm-none-eabi-5_4-2016q3-20160926/build-native/host-libs/usr --with-cloog=/home/paul/gcc-arm-none-eabi-5_4-2016q3-20160926/build-native/host-libs/usr --with-libelf=/home/paul/gcc-arm-none-eabi-5_4-2016q3-20160926/build-native/host-libs/usr --with-host-libstdcxx='-static-libgcc -Wl,-Bstatic,-lstdc++,-Bdynamic -lm' --with-pkgversion='GNU Tools for ARM Embedded Processors' --with-multilib-list=armv6-m,armv7-m,armv7e-m,armv7-r,armv8-m.base,armv8-m.main
Thread model: single
gcc version 5.4.1 20160919 (release) [ARM/embedded-5-branch revision 240496] (GNU Tools for ARM Embedded Processors) 
COMPILER_PATH=/home/nikolas/arduino-1.8.12/hardware/tools/arm/bin/../lib/gcc/arm-none-eabi/5.4.1/:/home/nikolas/arduino-1.8.12/hardware/tools/arm/bin/../lib/gcc/:/home/nikolas/arduino-1.8.12/hardware/tools/arm/bin/../lib/gcc/arm-none-eabi/5.4.1/../../../../arm-none-eabi/bin/
LIBRARY_PATH=/home/nikolas/arduino-1.8.12/hardware/tools/arm/bin/../lib/gcc/arm-none-eabi/5.4.1/:/home/nikolas/arduino-1.8.12/hardware/tools/arm/bin/../lib/gcc/:/home/nikolas/arduino-1.8.12/hardware/tools/arm/bin/../lib/gcc/arm-none-eabi/5.4.1/../../../../arm-none-eabi/lib/:/home/nikolas/arduino-1.8.12/hardware/tools/arm/bin/../arm-none-eabi/lib/
COLLECT_GCC_OPTIONS='-v' '-o' 'cmTC_908ad'
 /home/nikolas/arduino-1.8.12/hardware/tools/arm/bin/../lib/gcc/arm-none-eabi/5.4.1/collect2 -plugin /home/nikolas/arduino-1.8.12/hardware/tools/arm/bin/../lib/gcc/arm-none-eabi/5.4.1/liblto_plugin.so -plugin-opt=/home/nikolas/arduino-1.8.12/hardware/tools/arm/bin/../lib/gcc/arm-none-eabi/5.4.1/lto-wrapper -plugin-opt=-fresolution=/tmp/ccwbEvFB.res -plugin-opt=-pass-through=-lgcc -plugin-opt=-pass-through=-lc --sysroot=/home/nikolas/arduino-1.8.12/hardware/tools/arm/bin/../arm-none-eabi -X -o cmTC_908ad crti.o crtbegin.o crt0.o -L/home/nikolas/arduino-1.8.12/hardware/tools/arm/bin/../lib/gcc/arm-none-eabi/5.4.1 -L/home/nikolas/arduino-1.8.12/hardware/tools/arm/bin/../lib/gcc -L/home/nikolas/arduino-1.8.12/hardware/tools/arm/bin/../lib/gcc/arm-none-eabi/5.4.1/../../../../arm-none-eabi/lib -L/home/nikolas/arduino-1.8.12/hardware/tools/arm/bin/../arm-none-eabi/lib CMakeFiles/cmTC_908ad.dir/CMakeCCompilerABI.c.o --start-group -lgcc -lc --end-group crtend.o crtn.o
/home/nikolas/arduino-1.8.12/hardware/tools/arm/bin/../lib/gcc/arm-none-eabi/5.4.1/../../../../arm-none-eabi/bin/ld: cannot find crti.o: No such file or directory
/home/nikolas/arduino-1.8.12/hardware/tools/arm/bin/../lib/gcc/arm-none-eabi/5.4.1/../../../../arm-none-eabi/bin/ld: cannot find crtbegin.o: No such file or directory
/home/nikolas/arduino-1.8.12/hardware/tools/arm/bin/../lib/gcc/arm-none-eabi/5.4.1/../../../../arm-none-eabi/bin/ld: cannot find crt0.o: No such file or directory
/home/nikolas/arduino-1.8.12/hardware/tools/arm/bin/../lib/gcc/arm-none-eabi/5.4.1/../../../../arm-none-eabi/bin/ld: cannot find -lgcc
/home/nikolas/arduino-1.8.12/hardware/tools/arm/bin/../lib/gcc/arm-none-eabi/5.4.1/../../../../arm-none-eabi/bin/ld: cannot find -lc
collect2: error: ld returned 1 exit status
CMakeFiles/cmTC_908ad.dir/build.make:106: recipe for target 'cmTC_908ad' failed
make[1]: *** [cmTC_908ad] Error 1
make[1]: Leaving directory '/home/nikolas/Programming/robotics-prototype/robot/rover/cmake-build-debug/CMakeFiles/CMakeTmp'
Makefile:141: recipe for target 'cmTC_908ad/fast' failed
make: *** [cmTC_908ad/fast] Error 2




Detecting CXX compiler ABI info failed to compile with the following output:
Change Dir: /home/nikolas/Programming/robotics-prototype/robot/rover/cmake-build-debug/CMakeFiles/CMakeTmp

Run Build Command(s):/usr/bin/make cmTC_f3777/fast && /usr/bin/make  -f CMakeFiles/cmTC_f3777.dir/build.make CMakeFiles/cmTC_f3777.dir/build
make[1]: Entering directory '/home/nikolas/Programming/robotics-prototype/robot/rover/cmake-build-debug/CMakeFiles/CMakeTmp'
Building CXX object CMakeFiles/cmTC_f3777.dir/CMakeCXXCompilerABI.cpp.o
/home/nikolas/arduino-1.8.12/hardware/tools/arm/bin/arm-none-eabi-g++    -v -o CMakeFiles/cmTC_f3777.dir/CMakeCXXCompilerABI.cpp.o -c /snap/clion/124/bin/cmake/linux/share/cmake-3.17/Modules/CMakeCXXCompilerABI.cpp
Using built-in specs.
COLLECT_GCC=/home/nikolas/arduino-1.8.12/hardware/tools/arm/bin/arm-none-eabi-g++
Target: arm-none-eabi
Configured with: /home/paul/gcc-arm-none-eabi-5_4-2016q3-20160926/src/gcc/configure --target=arm-none-eabi --prefix=/home/paul/gcc-arm-none-eabi-5_4-2016q3-20160926/install-native --libexecdir=/home/paul/gcc-arm-none-eabi-5_4-2016q3-20160926/install-native/lib --infodir=/home/paul/gcc-arm-none-eabi-5_4-2016q3-20160926/install-native/share/doc/gcc-arm-none-eabi/info --mandir=/home/paul/gcc-arm-none-eabi-5_4-2016q3-20160926/install-native/share/doc/gcc-arm-none-eabi/man --htmldir=/home/paul/gcc-arm-none-eabi-5_4-2016q3-20160926/install-native/share/doc/gcc-arm-none-eabi/html --pdfdir=/home/paul/gcc-arm-none-eabi-5_4-2016q3-20160926/install-native/share/doc/gcc-arm-none-eabi/pdf --enable-languages=c,c++ --enable-plugins --disable-decimal-float --disable-libffi --disable-libgomp --disable-libmudflap --disable-libquadmath --disable-libssp --disable-libstdcxx-pch --disable-nls --disable-shared --disable-threads --disable-tls --with-gnu-as --with-gnu-ld --with-newlib --with-headers=yes --with-python-dir=share/gcc-arm-none-eabi --with-sysroot=/home/paul/gcc-arm-none-eabi-5_4-2016q3-20160926/install-native/arm-none-eabi --build=x86_64-linux-gnu --host=x86_64-linux-gnu --with-gmp=/home/paul/gcc-arm-none-eabi-5_4-2016q3-20160926/build-native/host-libs/usr --with-mpfr=/home/paul/gcc-arm-none-eabi-5_4-2016q3-20160926/build-native/host-libs/usr --with-mpc=/home/paul/gcc-arm-none-eabi-5_4-2016q3-20160926/build-native/host-libs/usr --with-isl=/home/paul/gcc-arm-none-eabi-5_4-2016q3-20160926/build-native/host-libs/usr --with-cloog=/home/paul/gcc-arm-none-eabi-5_4-2016q3-20160926/build-native/host-libs/usr --with-libelf=/home/paul/gcc-arm-none-eabi-5_4-2016q3-20160926/build-native/host-libs/usr --with-host-libstdcxx='-static-libgcc -Wl,-Bstatic,-lstdc++,-Bdynamic -lm' --with-pkgversion='GNU Tools for ARM Embedded Processors' --with-multilib-list=armv6-m,armv7-m,armv7e-m,armv7-r,armv8-m.base,armv8-m.main
Thread model: single
gcc version 5.4.1 20160919 (release) [ARM/embedded-5-branch revision 240496] (GNU Tools for ARM Embedded Processors) 
COLLECT_GCC_OPTIONS='-v' '-o' 'CMakeFiles/cmTC_f3777.dir/CMakeCXXCompilerABI.cpp.o' '-c'
 /home/nikolas/arduino-1.8.12/hardware/tools/arm/bin/../lib/gcc/arm-none-eabi/5.4.1/cc1plus -quiet -v -iprefix /home/nikolas/arduino-1.8.12/hardware/tools/arm/bin/../lib/gcc/arm-none-eabi/5.4.1/ -isysroot /home/nikolas/arduino-1.8.12/hardware/tools/arm/bin/../arm-none-eabi -D__USES_INITFINI__ /snap/clion/124/bin/cmake/linux/share/cmake-3.17/Modules/CMakeCXXCompilerABI.cpp -quiet -dumpbase CMakeCXXCompilerABI.cpp -auxbase-strip CMakeFiles/cmTC_f3777.dir/CMakeCXXCompilerABI.cpp.o -version -o /tmp/ccvpvidA.s
GNU C++ (GNU Tools for ARM Embedded Processors) version 5.4.1 20160919 (release) [ARM/embedded-5-branch revision 240496] (arm-none-eabi)
	compiled by GNU C version 4.3.2, GMP version 4.3.2, MPFR version 2.4.2, MPC version 0.8.1
GGC heuristics: --param ggc-min-expand=100 --param ggc-min-heapsize=131072
ignoring duplicate directory "/home/nikolas/arduino-1.8.12/hardware/tools/arm/bin/../lib/gcc/../../lib/gcc/arm-none-eabi/5.4.1/../../../../arm-none-eabi/include/c++/5.4.1"
ignoring duplicate directory "/home/nikolas/arduino-1.8.12/hardware/tools/arm/bin/../lib/gcc/../../lib/gcc/arm-none-eabi/5.4.1/../../../../arm-none-eabi/include/c++/5.4.1/arm-none-eabi"
ignoring duplicate directory "/home/nikolas/arduino-1.8.12/hardware/tools/arm/bin/../lib/gcc/../../lib/gcc/arm-none-eabi/5.4.1/../../../../arm-none-eabi/include/c++/5.4.1/backward"
ignoring duplicate directory "/home/nikolas/arduino-1.8.12/hardware/tools/arm/bin/../lib/gcc/../../lib/gcc/arm-none-eabi/5.4.1/include"
ignoring nonexistent directory "/home/nikolas/arduino-1.8.12/hardware/tools/arm/bin/../arm-none-eabi/usr/local/include"
ignoring duplicate directory "/home/nikolas/arduino-1.8.12/hardware/tools/arm/bin/../lib/gcc/../../lib/gcc/arm-none-eabi/5.4.1/include-fixed"
ignoring duplicate directory "/home/nikolas/arduino-1.8.12/hardware/tools/arm/bin/../lib/gcc/../../lib/gcc/arm-none-eabi/5.4.1/../../../../arm-none-eabi/include"
ignoring nonexistent directory "/home/nikolas/arduino-1.8.12/hardware/tools/arm/bin/../arm-none-eabi/usr/include"
#include "..." search starts here:
#include <...> search starts here:
 /home/nikolas/arduino-1.8.12/hardware/tools/arm/bin/../lib/gcc/arm-none-eabi/5.4.1/../../../../arm-none-eabi/include/c++/5.4.1
 /home/nikolas/arduino-1.8.12/hardware/tools/arm/bin/../lib/gcc/arm-none-eabi/5.4.1/../../../../arm-none-eabi/include/c++/5.4.1/arm-none-eabi
 /home/nikolas/arduino-1.8.12/hardware/tools/arm/bin/../lib/gcc/arm-none-eabi/5.4.1/../../../../arm-none-eabi/include/c++/5.4.1/backward
 /home/nikolas/arduino-1.8.12/hardware/tools/arm/bin/../lib/gcc/arm-none-eabi/5.4.1/include
 /home/nikolas/arduino-1.8.12/hardware/tools/arm/bin/../lib/gcc/arm-none-eabi/5.4.1/include-fixed
 /home/nikolas/arduino-1.8.12/hardware/tools/arm/bin/../lib/gcc/arm-none-eabi/5.4.1/../../../../arm-none-eabi/include
End of search list.
GNU C++ (GNU Tools for ARM Embedded Processors) version 5.4.1 20160919 (release) [ARM/embedded-5-branch revision 240496] (arm-none-eabi)
	compiled by GNU C version 4.3.2, GMP version 4.3.2, MPFR version 2.4.2, MPC version 0.8.1
GGC heuristics: --param ggc-min-expand=100 --param ggc-min-heapsize=131072
Compiler executable checksum: f056b3585372add73ff3e1df6cbf929e
COLLECT_GCC_OPTIONS='-v' '-o' 'CMakeFiles/cmTC_f3777.dir/CMakeCXXCompilerABI.cpp.o' '-c'
 /home/nikolas/arduino-1.8.12/hardware/tools/arm/bin/../lib/gcc/arm-none-eabi/5.4.1/../../../../arm-none-eabi/bin/as -v -meabi=5 -o CMakeFiles/cmTC_f3777.dir/CMakeCXXCompilerABI.cpp.o /tmp/ccvpvidA.s
GNU assembler version 2.26.2 (arm-none-eabi) using BFD version (GNU Tools for ARM Embedded Processors) 2.26.2.20160923
COMPILER_PATH=/home/nikolas/arduino-1.8.12/hardware/tools/arm/bin/../lib/gcc/arm-none-eabi/5.4.1/:/home/nikolas/arduino-1.8.12/hardware/tools/arm/bin/../lib/gcc/:/home/nikolas/arduino-1.8.12/hardware/tools/arm/bin/../lib/gcc/arm-none-eabi/5.4.1/../../../../arm-none-eabi/bin/
LIBRARY_PATH=/home/nikolas/arduino-1.8.12/hardware/tools/arm/bin/../lib/gcc/arm-none-eabi/5.4.1/:/home/nikolas/arduino-1.8.12/hardware/tools/arm/bin/../lib/gcc/:/home/nikolas/arduino-1.8.12/hardware/tools/arm/bin/../lib/gcc/arm-none-eabi/5.4.1/../../../../arm-none-eabi/lib/:/home/nikolas/arduino-1.8.12/hardware/tools/arm/bin/../arm-none-eabi/lib/
COLLECT_GCC_OPTIONS='-v' '-o' 'CMakeFiles/cmTC_f3777.dir/CMakeCXXCompilerABI.cpp.o' '-c'
Linking CXX executable cmTC_f3777
/snap/clion/124/bin/cmake/linux/bin/cmake -E cmake_link_script CMakeFiles/cmTC_f3777.dir/link.txt --verbose=1
/home/nikolas/arduino-1.8.12/hardware/tools/arm/bin/arm-none-eabi-g++      -v CMakeFiles/cmTC_f3777.dir/CMakeCXXCompilerABI.cpp.o  -o cmTC_f3777 
Using built-in specs.
COLLECT_GCC=/home/nikolas/arduino-1.8.12/hardware/tools/arm/bin/arm-none-eabi-g++
COLLECT_LTO_WRAPPER=/home/nikolas/arduino-1.8.12/hardware/tools/arm/bin/../lib/gcc/arm-none-eabi/5.4.1/lto-wrapper
Target: arm-none-eabi
Configured with: /home/paul/gcc-arm-none-eabi-5_4-2016q3-20160926/src/gcc/configure --target=arm-none-eabi --prefix=/home/paul/gcc-arm-none-eabi-5_4-2016q3-20160926/install-native --libexecdir=/home/paul/gcc-arm-none-eabi-5_4-2016q3-20160926/install-native/lib --infodir=/home/paul/gcc-arm-none-eabi-5_4-2016q3-20160926/install-native/share/doc/gcc-arm-none-eabi/info --mandir=/home/paul/gcc-arm-none-eabi-5_4-2016q3-20160926/install-native/share/doc/gcc-arm-none-eabi/man --htmldir=/home/paul/gcc-arm-none-eabi-5_4-2016q3-20160926/install-native/share/doc/gcc-arm-none-eabi/html --pdfdir=/home/paul/gcc-arm-none-eabi-5_4-2016q3-20160926/install-native/share/doc/gcc-arm-none-eabi/pdf --enable-languages=c,c++ --enable-plugins --disable-decimal-float --disable-libffi --disable-libgomp --disable-libmudflap --disable-libquadmath --disable-libssp --disable-libstdcxx-pch --disable-nls --disable-shared --disable-threads --disable-tls --with-gnu-as --with-gnu-ld --with-newlib --with-headers=yes --with-python-dir=share/gcc-arm-none-eabi --with-sysroot=/home/paul/gcc-arm-none-eabi-5_4-2016q3-20160926/install-native/arm-none-eabi --build=x86_64-linux-gnu --host=x86_64-linux-gnu --with-gmp=/home/paul/gcc-arm-none-eabi-5_4-2016q3-20160926/build-native/host-libs/usr --with-mpfr=/home/paul/gcc-arm-none-eabi-5_4-2016q3-20160926/build-native/host-libs/usr --with-mpc=/home/paul/gcc-arm-none-eabi-5_4-2016q3-20160926/build-native/host-libs/usr --with-isl=/home/paul/gcc-arm-none-eabi-5_4-2016q3-20160926/build-native/host-libs/usr --with-cloog=/home/paul/gcc-arm-none-eabi-5_4-2016q3-20160926/build-native/host-libs/usr --with-libelf=/home/paul/gcc-arm-none-eabi-5_4-2016q3-20160926/build-native/host-libs/usr --with-host-libstdcxx='-static-libgcc -Wl,-Bstatic,-lstdc++,-Bdynamic -lm' --with-pkgversion='GNU Tools for ARM Embedded Processors' --with-multilib-list=armv6-m,armv7-m,armv7e-m,armv7-r,armv8-m.base,armv8-m.main
Thread model: single
gcc version 5.4.1 20160919 (release) [ARM/embedded-5-branch revision 240496] (GNU Tools for ARM Embedded Processors) 
COMPILER_PATH=/home/nikolas/arduino-1.8.12/hardware/tools/arm/bin/../lib/gcc/arm-none-eabi/5.4.1/:/home/nikolas/arduino-1.8.12/hardware/tools/arm/bin/../lib/gcc/:/home/nikolas/arduino-1.8.12/hardware/tools/arm/bin/../lib/gcc/arm-none-eabi/5.4.1/../../../../arm-none-eabi/bin/
LIBRARY_PATH=/home/nikolas/arduino-1.8.12/hardware/tools/arm/bin/../lib/gcc/arm-none-eabi/5.4.1/:/home/nikolas/arduino-1.8.12/hardware/tools/arm/bin/../lib/gcc/:/home/nikolas/arduino-1.8.12/hardware/tools/arm/bin/../lib/gcc/arm-none-eabi/5.4.1/../../../../arm-none-eabi/lib/:/home/nikolas/arduino-1.8.12/hardware/tools/arm/bin/../arm-none-eabi/lib/
COLLECT_GCC_OPTIONS='-v' '-o' 'cmTC_f3777'
 /home/nikolas/arduino-1.8.12/hardware/tools/arm/bin/../lib/gcc/arm-none-eabi/5.4.1/collect2 -plugin /home/nikolas/arduino-1.8.12/hardware/tools/arm/bin/../lib/gcc/arm-none-eabi/5.4.1/liblto_plugin.so -plugin-opt=/home/nikolas/arduino-1.8.12/hardware/tools/arm/bin/../lib/gcc/arm-none-eabi/5.4.1/lto-wrapper -plugin-opt=-fresolution=/tmp/ccjOgCjE.res -plugin-opt=-pass-through=-lgcc -plugin-opt=-pass-through=-lc --sysroot=/home/nikolas/arduino-1.8.12/hardware/tools/arm/bin/../arm-none-eabi -X -o cmTC_f3777 crti.o crtbegin.o crt0.o -L/home/nikolas/arduino-1.8.12/hardware/tools/arm/bin/../lib/gcc/arm-none-eabi/5.4.1 -L/home/nikolas/arduino-1.8.12/hardware/tools/arm/bin/../lib/gcc -L/home/nikolas/arduino-1.8.12/hardware/tools/arm/bin/../lib/gcc/arm-none-eabi/5.4.1/../../../../arm-none-eabi/lib -L/home/nikolas/arduino-1.8.12/hardware/tools/arm/bin/../arm-none-eabi/lib CMakeFiles/cmTC_f3777.dir/CMakeCXXCompilerABI.cpp.o -lstdc++ -lm --start-group -lgcc -lc --end-group crtend.o crtn.o
/home/nikolas/arduino-1.8.12/hardware/tools/arm/bin/../lib/gcc/arm-none-eabi/5.4.1/../../../../arm-none-eabi/bin/ld: cannot find crti.o: No such file or directory
/home/nikolas/arduino-1.8.12/hardware/tools/arm/bin/../lib/gcc/arm-none-eabi/5.4.1/../../../../arm-none-eabi/bin/ld: cannot find crtbegin.o: No such file or directory
/home/nikolas/arduino-1.8.12/hardware/tools/arm/bin/../lib/gcc/arm-none-eabi/5.4.1/../../../../arm-none-eabi/bin/ld: cannot find crt0.o: No such file or directory
/home/nikolas/arduino-1.8.12/hardware/tools/arm/bin/../lib/gcc/arm-none-eabi/5.4.1/../../../../arm-none-eabi/bin/ld: cannot find -lstdc++
/home/nikolas/arduino-1.8.12/hardware/tools/arm/bin/../lib/gcc/arm-none-eabi/5.4.1/../../../../arm-none-eabi/bin/ld: cannot find -lm
/home/nikolas/arduino-1.8.12/hardware/tools/arm/bin/../lib/gcc/arm-none-eabi/5.4.1/../../../../arm-none-eabi/bin/ld: cannot find -lgcc
/home/nikolas/arduino-1.8.12/hardware/tools/arm/bin/../lib/gcc/arm-none-eabi/5.4.1/../../../../arm-none-eabi/bin/ld: cannot find -lc
collect2: error: ld returned 1 exit status
CMakeFiles/cmTC_f3777.dir/build.make:106: recipe for target 'cmTC_f3777' failed
make[1]: *** [cmTC_f3777] Error 1
make[1]: Leaving directory '/home/nikolas/Programming/robotics-prototype/robot/rover/cmake-build-debug/CMakeFiles/CMakeTmp'
Makefile:141: recipe for target 'cmTC_f3777/fast' failed
make: *** [cmTC_f3777/fast] Error 2




