running egg_info
writing ../../build/mcu_control_python/mcu_control_python.egg-info/PKG-INFO
writing dependency_links to ../../build/mcu_control_python/mcu_control_python.egg-info/dependency_links.txt
writing entry points to ../../build/mcu_control_python/mcu_control_python.egg-info/entry_points.txt
writing requirements to ../../build/mcu_control_python/mcu_control_python.egg-info/requires.txt
writing top-level names to ../../build/mcu_control_python/mcu_control_python.egg-info/top_level.txt
reading manifest file '../../build/mcu_control_python/mcu_control_python.egg-info/SOURCES.txt'
writing manifest file '../../build/mcu_control_python/mcu_control_python.egg-info/SOURCES.txt'
running build
running build_py
copying mcu_control_python/CommsNode.py -> /home/marc/Programming/robotics-prototype/robot/rospackages/build/mcu_control_python/build/lib/mcu_control_python
copying mcu_control_python/__init__.py -> /home/marc/Programming/robotics-prototype/robot/rospackages/build/mcu_control_python/build/lib/mcu_control_python
running install
running install_lib
copying /home/marc/Programming/robotics-prototype/robot/rospackages/build/mcu_control_python/build/lib/mcu_control_python/CommsNode.py -> /home/marc/Programming/robotics-prototype/robot/rospackages/install/mcu_control_python/lib/python3.10/site-packages/mcu_control_python
copying /home/marc/Programming/robotics-prototype/robot/rospackages/build/mcu_control_python/build/lib/mcu_control_python/__init__.py -> /home/marc/Programming/robotics-prototype/robot/rospackages/install/mcu_control_python/lib/python3.10/site-packages/mcu_control_python
byte-compiling /home/marc/Programming/robotics-prototype/robot/rospackages/install/mcu_control_python/lib/python3.10/site-packages/mcu_control_python/CommsNode.py to CommsNode.cpython-310.pyc
byte-compiling /home/marc/Programming/robotics-prototype/robot/rospackages/install/mcu_control_python/lib/python3.10/site-packages/mcu_control_python/__init__.py to __init__.cpython-310.pyc
running install_data
copying resource/mcu_control_python -> /home/marc/Programming/robotics-prototype/robot/rospackages/install/mcu_control_python/share/ament_index/resource_index/packages
copying package.xml -> /home/marc/Programming/robotics-prototype/robot/rospackages/install/mcu_control_python/share/mcu_control_python
running install_egg_info
removing '/home/marc/Programming/robotics-prototype/robot/rospackages/install/mcu_control_python/lib/python3.10/site-packages/mcu_control_python-0.0.0-py3.10.egg-info' (and everything under it)
Copying ../../build/mcu_control_python/mcu_control_python.egg-info to /home/marc/Programming/robotics-prototype/robot/rospackages/install/mcu_control_python/lib/python3.10/site-packages/mcu_control_python-0.0.0-py3.10.egg-info
running install_scripts
Installing CommsNode script to /home/marc/Programming/robotics-prototype/robot/rospackages/install/mcu_control_python/lib/mcu_control_python
writing list of installed files to '/home/marc/Programming/robotics-prototype/robot/rospackages/build/mcu_control_python/install.log'
