[0.210s] DEBUG:colcon:Command line arguments: ['/usr/bin/colcon', 'build']
[0.210s] DEBUG:colcon:Parsed command line arguments: Namespace(log_base=None, log_level=None, verb_name='build', build_base='build', install_base='install', merge_install=False, symlink_install=False, test_result_base=None, continue_on_error=False, executor='parallel', parallel_workers=16, event_handlers=None, ignore_user_meta=False, metas=['./colcon.meta'], base_paths=['.'], packages_ignore=None, packages_ignore_regex=None, paths=None, packages_up_to=None, packages_up_to_regex=None, packages_above=None, packages_above_and_dependencies=None, packages_above_depth=None, packages_select_by_dep=None, packages_skip_by_dep=None, packages_skip_up_to=None, packages_select_build_failed=False, packages_skip_build_finished=False, packages_select_test_failures=False, packages_skip_test_passed=False, packages_select=None, packages_skip=None, packages_select_regex=None, packages_skip_regex=None, packages_start=None, packages_end=None, allow_overriding=[], cmake_args=None, cmake_target=None, cmake_target_skip_unavailable=False, cmake_clean_cache=False, cmake_clean_first=False, cmake_force_configure=False, ament_cmake_args=None, catkin_cmake_args=None, catkin_skip_building_tests=False, verb_parser=<colcon_defaults.argument_parser.defaults.DefaultArgumentsDecorator object at 0x7f64dd57cf40>, verb_extension=<colcon_core.verb.build.BuildVerb object at 0x7f64ddf06980>, main=<bound method BuildVerb.main of <colcon_core.verb.build.BuildVerb object at 0x7f64ddf06980>>)
[0.225s] Level 1:colcon.colcon_core.package_discovery:discover_packages(colcon_meta) check parameters
[0.225s] Level 1:colcon.colcon_core.package_discovery:discover_packages(recursive) check parameters
[0.225s] Level 1:colcon.colcon_core.package_discovery:discover_packages(ignore) check parameters
[0.225s] Level 1:colcon.colcon_core.package_discovery:discover_packages(path) check parameters
[0.225s] Level 1:colcon.colcon_core.package_discovery:discover_packages(colcon_meta) discover
[0.225s] Level 1:colcon.colcon_core.package_discovery:discover_packages(recursive) discover
[0.225s] INFO:colcon.colcon_core.package_discovery:Crawling recursively for packages in '/home/marc/Programming/robotics-prototype/robot/rospackages'
[0.225s] Level 1:colcon.colcon_core.package_identification:_identify(.) by extensions ['ignore', 'ignore_ament_install']
[0.225s] Level 1:colcon.colcon_core.package_identification:_identify(.) by extension 'ignore'
[0.225s] Level 1:colcon.colcon_core.package_identification:_identify(.) by extension 'ignore_ament_install'
[0.225s] Level 1:colcon.colcon_core.package_identification:_identify(.) by extensions ['colcon_pkg']
[0.225s] Level 1:colcon.colcon_core.package_identification:_identify(.) by extension 'colcon_pkg'
[0.225s] Level 1:colcon.colcon_core.package_identification:_identify(.) by extensions ['colcon_meta']
[0.225s] Level 1:colcon.colcon_core.package_identification:_identify(.) by extension 'colcon_meta'
[0.225s] Level 1:colcon.colcon_core.package_identification:_identify(.) by extensions ['ros']
[0.225s] Level 1:colcon.colcon_core.package_identification:_identify(.) by extension 'ros'
[0.244s] Level 1:colcon.colcon_core.package_identification:_identify(.) by extensions ['cmake', 'python']
[0.244s] Level 1:colcon.colcon_core.package_identification:_identify(.) by extension 'cmake'
[0.244s] Level 1:colcon.colcon_core.package_identification:_identify(.) by extension 'python'
[0.244s] Level 1:colcon.colcon_core.package_identification:_identify(.) by extensions ['python_setup_py']
[0.244s] Level 1:colcon.colcon_core.package_identification:_identify(.) by extension 'python_setup_py'
[0.244s] Level 1:colcon.colcon_core.package_identification:_identify(build) by extensions ['ignore', 'ignore_ament_install']
[0.244s] Level 1:colcon.colcon_core.package_identification:_identify(build) by extension 'ignore'
[0.244s] Level 1:colcon.colcon_core.package_identification:_identify(build) ignored
[0.245s] Level 1:colcon.colcon_core.package_identification:_identify(install) by extensions ['ignore', 'ignore_ament_install']
[0.245s] Level 1:colcon.colcon_core.package_identification:_identify(install) by extension 'ignore'
[0.245s] Level 1:colcon.colcon_core.package_identification:_identify(install) ignored
[0.245s] Level 1:colcon.colcon_core.package_identification:_identify(log) by extensions ['ignore', 'ignore_ament_install']
[0.245s] Level 1:colcon.colcon_core.package_identification:_identify(log) by extension 'ignore'
[0.245s] Level 1:colcon.colcon_core.package_identification:_identify(log) ignored
[0.245s] Level 1:colcon.colcon_core.package_identification:_identify(src) by extensions ['ignore', 'ignore_ament_install']
[0.245s] Level 1:colcon.colcon_core.package_identification:_identify(src) by extension 'ignore'
[0.245s] Level 1:colcon.colcon_core.package_identification:_identify(src) by extension 'ignore_ament_install'
[0.245s] Level 1:colcon.colcon_core.package_identification:_identify(src) by extensions ['colcon_pkg']
[0.245s] Level 1:colcon.colcon_core.package_identification:_identify(src) by extension 'colcon_pkg'
[0.245s] Level 1:colcon.colcon_core.package_identification:_identify(src) by extensions ['colcon_meta']
[0.245s] Level 1:colcon.colcon_core.package_identification:_identify(src) by extension 'colcon_meta'
[0.245s] Level 1:colcon.colcon_core.package_identification:_identify(src) by extensions ['ros']
[0.245s] Level 1:colcon.colcon_core.package_identification:_identify(src) by extension 'ros'
[0.245s] Level 1:colcon.colcon_core.package_identification:_identify(src) by extensions ['cmake', 'python']
[0.245s] Level 1:colcon.colcon_core.package_identification:_identify(src) by extension 'cmake'
[0.245s] Level 1:colcon.colcon_core.package_identification:_identify(src) by extension 'python'
[0.245s] Level 1:colcon.colcon_core.package_identification:_identify(src) by extensions ['python_setup_py']
[0.245s] Level 1:colcon.colcon_core.package_identification:_identify(src) by extension 'python_setup_py'
[0.245s] Level 1:colcon.colcon_core.package_identification:_identify(src/joy_control) by extensions ['ignore', 'ignore_ament_install']
[0.245s] Level 1:colcon.colcon_core.package_identification:_identify(src/joy_control) by extension 'ignore'
[0.245s] Level 1:colcon.colcon_core.package_identification:_identify(src/joy_control) by extension 'ignore_ament_install'
[0.245s] Level 1:colcon.colcon_core.package_identification:_identify(src/joy_control) by extensions ['colcon_pkg']
[0.245s] Level 1:colcon.colcon_core.package_identification:_identify(src/joy_control) by extension 'colcon_pkg'
[0.246s] Level 1:colcon.colcon_core.package_identification:_identify(src/joy_control) by extensions ['colcon_meta']
[0.246s] Level 1:colcon.colcon_core.package_identification:_identify(src/joy_control) by extension 'colcon_meta'
[0.246s] Level 1:colcon.colcon_core.package_identification:_identify(src/joy_control) by extensions ['ros']
[0.246s] Level 1:colcon.colcon_core.package_identification:_identify(src/joy_control) by extension 'ros'
[0.248s] DEBUG:colcon.colcon_core.package_identification:Package 'src/joy_control' with type 'ros.ament_cmake' and name 'joy_control'
[0.248s] Level 1:colcon.colcon_core.package_identification:_identify(src/mcu_control_python) by extensions ['ignore', 'ignore_ament_install']
[0.248s] Level 1:colcon.colcon_core.package_identification:_identify(src/mcu_control_python) by extension 'ignore'
[0.248s] Level 1:colcon.colcon_core.package_identification:_identify(src/mcu_control_python) by extension 'ignore_ament_install'
[0.248s] Level 1:colcon.colcon_core.package_identification:_identify(src/mcu_control_python) by extensions ['colcon_pkg']
[0.248s] Level 1:colcon.colcon_core.package_identification:_identify(src/mcu_control_python) by extension 'colcon_pkg'
[0.248s] Level 1:colcon.colcon_core.package_identification:_identify(src/mcu_control_python) by extensions ['colcon_meta']
[0.248s] Level 1:colcon.colcon_core.package_identification:_identify(src/mcu_control_python) by extension 'colcon_meta'
[0.248s] Level 1:colcon.colcon_core.package_identification:_identify(src/mcu_control_python) by extensions ['ros']
[0.248s] Level 1:colcon.colcon_core.package_identification:_identify(src/mcu_control_python) by extension 'ros'
[0.248s] DEBUG:colcon.colcon_core.package_identification:Package 'src/mcu_control_python' with type 'ros.ament_python' and name 'mcu_control_python'
[0.248s] Level 1:colcon.colcon_core.package_discovery:discover_packages(recursive) using defaults
[0.248s] Level 1:colcon.colcon_core.package_discovery:discover_packages(ignore) discover
[0.248s] Level 1:colcon.colcon_core.package_discovery:discover_packages(ignore) using defaults
[0.248s] Level 1:colcon.colcon_core.package_discovery:discover_packages(path) discover
[0.249s] Level 1:colcon.colcon_core.package_discovery:discover_packages(path) using defaults
[0.266s] Level 1:colcon.colcon_core.package_discovery:discover_packages(prefix_path) check parameters
[0.266s] Level 1:colcon.colcon_core.package_discovery:discover_packages(prefix_path) discover
[0.267s] WARNING:colcon.colcon_ros.prefix_path.ament:The path '/home/marc/Programming/robotics-prototype/robot/rospackages/install/mcu_control_python' in the environment variable AMENT_PREFIX_PATH doesn't exist
[0.267s] WARNING:colcon.colcon_ros.prefix_path.ament:The path '/home/marc/Programming/robotics-prototype/robot/rospackages/install/joy_control' in the environment variable AMENT_PREFIX_PATH doesn't exist
[0.267s] WARNING:colcon.colcon_ros.prefix_path.catkin:The path '/home/marc/Programming/robotics-prototype/robot/rospackages/install/joy_control' in the environment variable CMAKE_PREFIX_PATH doesn't exist
[0.268s] DEBUG:colcon.colcon_installed_package_information.package_discovery:Found 0 installed packages in /home/marc/Programming/robotics-prototype/robot/rospackages/install
[0.269s] DEBUG:colcon.colcon_installed_package_information.package_discovery:Found 181 installed packages in /opt/ros/humble
[0.270s] Level 1:colcon.colcon_core.package_discovery:discover_packages(prefix_path) using defaults
[0.298s] Level 5:colcon.colcon_core.verb:set package 'joy_control' build argument 'cmake_args' from command line to 'None'
[0.298s] Level 5:colcon.colcon_core.verb:set package 'joy_control' build argument 'cmake_target' from command line to 'None'
[0.298s] Level 5:colcon.colcon_core.verb:set package 'joy_control' build argument 'cmake_target_skip_unavailable' from command line to 'False'
[0.298s] Level 5:colcon.colcon_core.verb:set package 'joy_control' build argument 'cmake_clean_cache' from command line to 'False'
[0.298s] Level 5:colcon.colcon_core.verb:set package 'joy_control' build argument 'cmake_clean_first' from command line to 'False'
[0.298s] Level 5:colcon.colcon_core.verb:set package 'joy_control' build argument 'cmake_force_configure' from command line to 'False'
[0.298s] Level 5:colcon.colcon_core.verb:set package 'joy_control' build argument 'ament_cmake_args' from command line to 'None'
[0.298s] Level 5:colcon.colcon_core.verb:set package 'joy_control' build argument 'catkin_cmake_args' from command line to 'None'
[0.298s] Level 5:colcon.colcon_core.verb:set package 'joy_control' build argument 'catkin_skip_building_tests' from command line to 'False'
[0.298s] DEBUG:colcon.colcon_core.verb:Building package 'joy_control' with the following arguments: {'ament_cmake_args': None, 'build_base': '/home/marc/Programming/robotics-prototype/robot/rospackages/build/joy_control', 'catkin_cmake_args': None, 'catkin_skip_building_tests': False, 'cmake_args': None, 'cmake_clean_cache': False, 'cmake_clean_first': False, 'cmake_force_configure': False, 'cmake_target': None, 'cmake_target_skip_unavailable': False, 'install_base': '/home/marc/Programming/robotics-prototype/robot/rospackages/install/joy_control', 'merge_install': False, 'path': '/home/marc/Programming/robotics-prototype/robot/rospackages/src/joy_control', 'symlink_install': False, 'test_result_base': None}
[0.299s] Level 5:colcon.colcon_core.verb:set package 'mcu_control_python' build argument 'cmake_args' from command line to 'None'
[0.299s] Level 5:colcon.colcon_core.verb:set package 'mcu_control_python' build argument 'cmake_target' from command line to 'None'
[0.299s] Level 5:colcon.colcon_core.verb:set package 'mcu_control_python' build argument 'cmake_target_skip_unavailable' from command line to 'False'
[0.300s] Level 5:colcon.colcon_core.verb:set package 'mcu_control_python' build argument 'cmake_clean_cache' from command line to 'False'
[0.300s] Level 5:colcon.colcon_core.verb:set package 'mcu_control_python' build argument 'cmake_clean_first' from command line to 'False'
[0.300s] Level 5:colcon.colcon_core.verb:set package 'mcu_control_python' build argument 'cmake_force_configure' from command line to 'False'
[0.300s] Level 5:colcon.colcon_core.verb:set package 'mcu_control_python' build argument 'ament_cmake_args' from command line to 'None'
[0.300s] Level 5:colcon.colcon_core.verb:set package 'mcu_control_python' build argument 'catkin_cmake_args' from command line to 'None'
[0.300s] Level 5:colcon.colcon_core.verb:set package 'mcu_control_python' build argument 'catkin_skip_building_tests' from command line to 'False'
[0.300s] DEBUG:colcon.colcon_core.verb:Building package 'mcu_control_python' with the following arguments: {'ament_cmake_args': None, 'build_base': '/home/marc/Programming/robotics-prototype/robot/rospackages/build/mcu_control_python', 'catkin_cmake_args': None, 'catkin_skip_building_tests': False, 'cmake_args': None, 'cmake_clean_cache': False, 'cmake_clean_first': False, 'cmake_force_configure': False, 'cmake_target': None, 'cmake_target_skip_unavailable': False, 'install_base': '/home/marc/Programming/robotics-prototype/robot/rospackages/install/mcu_control_python', 'merge_install': False, 'path': '/home/marc/Programming/robotics-prototype/robot/rospackages/src/mcu_control_python', 'symlink_install': False, 'test_result_base': None}
[0.300s] INFO:colcon.colcon_core.executor:Executing jobs using 'parallel' executor
[0.304s] DEBUG:colcon.colcon_parallel_executor.executor.parallel:run_until_complete
[0.304s] INFO:colcon.colcon_ros.task.ament_cmake.build:Building ROS package in '/home/marc/Programming/robotics-prototype/robot/rospackages/src/joy_control' with build type 'ament_cmake'
[0.305s] INFO:colcon.colcon_cmake.task.cmake.build:Building CMake package in '/home/marc/Programming/robotics-prototype/robot/rospackages/src/joy_control'
[0.309s] INFO:colcon.colcon_core.plugin_system:Skipping extension 'colcon_core.shell.bat': Not used on non-Windows systems
[0.309s] INFO:colcon.colcon_core.shell:Skip shell extension 'powershell' for command environment: Not usable outside of PowerShell
[0.310s] DEBUG:colcon.colcon_core.shell:Skip shell extension 'dsv' for command environment
[0.313s] INFO:colcon.colcon_ros.task.ament_python.build:Building ROS package in '/home/marc/Programming/robotics-prototype/robot/rospackages/src/mcu_control_python' with build type 'ament_python'
[0.314s] Level 1:colcon.colcon_core.shell:create_environment_hook('mcu_control_python', 'ament_prefix_path')
[0.315s] INFO:colcon.colcon_core.shell:Creating environment hook '/home/marc/Programming/robotics-prototype/robot/rospackages/install/mcu_control_python/share/mcu_control_python/hook/ament_prefix_path.ps1'
[0.316s] INFO:colcon.colcon_core.shell:Creating environment descriptor '/home/marc/Programming/robotics-prototype/robot/rospackages/install/mcu_control_python/share/mcu_control_python/hook/ament_prefix_path.dsv'
[0.316s] INFO:colcon.colcon_core.shell:Creating environment hook '/home/marc/Programming/robotics-prototype/robot/rospackages/install/mcu_control_python/share/mcu_control_python/hook/ament_prefix_path.sh'
[0.318s] INFO:colcon.colcon_core.shell:Skip shell extension 'powershell' for command environment: Not usable outside of PowerShell
[0.318s] DEBUG:colcon.colcon_core.shell:Skip shell extension 'dsv' for command environment
[0.328s] DEBUG:colcon.colcon_core.event_handler.log_command:Invoking command in '/home/marc/Programming/robotics-prototype/robot/rospackages/build/joy_control': CMAKE_PREFIX_PATH=${CMAKE_PREFIX_PATH}:/home/marc/Programming/robotics-prototype/robot/rospackages/install/mcu_control_python:/opt/ros/humble VIRTUAL_ENV_PROMPT=(venv) /usr/bin/cmake /home/marc/Programming/robotics-prototype/robot/rospackages/src/joy_control -DCMAKE_INSTALL_PREFIX=/home/marc/Programming/robotics-prototype/robot/rospackages/install/joy_control
[0.554s] INFO:colcon.colcon_core.task.python.build:Building Python package in '/home/marc/Programming/robotics-prototype/robot/rospackages/src/mcu_control_python'
[0.555s] INFO:colcon.colcon_core.shell:Skip shell extension 'powershell' for command environment: Not usable outside of PowerShell
[0.555s] DEBUG:colcon.colcon_core.shell:Skip shell extension 'dsv' for command environment
[0.841s] DEBUG:colcon.colcon_core.event_handler.log_command:Invoking command in '/home/marc/Programming/robotics-prototype/robot/rospackages/src/mcu_control_python': PYTHONPATH=/home/marc/Programming/robotics-prototype/robot/rospackages/build/mcu_control_python/prefix_override:/home/marc/Programming/robotics-prototype/robot/rospackages/install/mcu_control_python/lib/python3.10/site-packages:${PYTHONPATH} VIRTUAL_ENV_PROMPT=(venv) /usr/bin/python3 setup.py egg_info --egg-base ../../build/mcu_control_python build --build-base /home/marc/Programming/robotics-prototype/robot/rospackages/build/mcu_control_python/build install --record /home/marc/Programming/robotics-prototype/robot/rospackages/build/mcu_control_python/install.log --install-scripts $base/lib/mcu_control_python --single-version-externally-managed
[1.117s] DEBUG:colcon.colcon_core.event_handler.log_command:Invoked command in '/home/marc/Programming/robotics-prototype/robot/rospackages/src/mcu_control_python' returned '0': PYTHONPATH=/home/marc/Programming/robotics-prototype/robot/rospackages/build/mcu_control_python/prefix_override:/home/marc/Programming/robotics-prototype/robot/rospackages/install/mcu_control_python/lib/python3.10/site-packages:${PYTHONPATH} VIRTUAL_ENV_PROMPT=(venv) /usr/bin/python3 setup.py egg_info --egg-base ../../build/mcu_control_python build --build-base /home/marc/Programming/robotics-prototype/robot/rospackages/build/mcu_control_python/build install --record /home/marc/Programming/robotics-prototype/robot/rospackages/build/mcu_control_python/install.log --install-scripts $base/lib/mcu_control_python --single-version-externally-managed
[1.121s] Level 1:colcon.colcon_core.environment:checking '/home/marc/Programming/robotics-prototype/robot/rospackages/install/mcu_control_python' for CMake module files
[1.122s] Level 1:colcon.colcon_core.environment:checking '/home/marc/Programming/robotics-prototype/robot/rospackages/install/mcu_control_python' for CMake config files
[1.123s] Level 1:colcon.colcon_core.environment:checking '/home/marc/Programming/robotics-prototype/robot/rospackages/install/mcu_control_python/lib'
[1.123s] Level 1:colcon.colcon_core.environment:checking '/home/marc/Programming/robotics-prototype/robot/rospackages/install/mcu_control_python/bin'
[1.123s] Level 1:colcon.colcon_core.environment:checking '/home/marc/Programming/robotics-prototype/robot/rospackages/install/mcu_control_python/lib/pkgconfig/mcu_control_python.pc'
[1.123s] Level 1:colcon.colcon_core.environment:checking '/home/marc/Programming/robotics-prototype/robot/rospackages/install/mcu_control_python/lib/python3.10/site-packages'
[1.124s] Level 1:colcon.colcon_core.shell:create_environment_hook('mcu_control_python', 'pythonpath')
[1.125s] INFO:colcon.colcon_core.shell:Creating environment hook '/home/marc/Programming/robotics-prototype/robot/rospackages/install/mcu_control_python/share/mcu_control_python/hook/pythonpath.ps1'
[1.126s] INFO:colcon.colcon_core.shell:Creating environment descriptor '/home/marc/Programming/robotics-prototype/robot/rospackages/install/mcu_control_python/share/mcu_control_python/hook/pythonpath.dsv'
[1.126s] INFO:colcon.colcon_core.shell:Creating environment hook '/home/marc/Programming/robotics-prototype/robot/rospackages/install/mcu_control_python/share/mcu_control_python/hook/pythonpath.sh'
[1.127s] Level 1:colcon.colcon_core.environment:checking '/home/marc/Programming/robotics-prototype/robot/rospackages/install/mcu_control_python/bin'
[1.127s] Level 1:colcon.colcon_core.environment:create_environment_scripts_only(mcu_control_python)
[1.128s] INFO:colcon.colcon_core.shell:Creating package script '/home/marc/Programming/robotics-prototype/robot/rospackages/install/mcu_control_python/share/mcu_control_python/package.ps1'
[1.129s] INFO:colcon.colcon_core.shell:Creating package descriptor '/home/marc/Programming/robotics-prototype/robot/rospackages/install/mcu_control_python/share/mcu_control_python/package.dsv'
[1.130s] INFO:colcon.colcon_core.shell:Creating package script '/home/marc/Programming/robotics-prototype/robot/rospackages/install/mcu_control_python/share/mcu_control_python/package.sh'
[1.131s] INFO:colcon.colcon_core.shell:Creating package script '/home/marc/Programming/robotics-prototype/robot/rospackages/install/mcu_control_python/share/mcu_control_python/package.bash'
[1.132s] INFO:colcon.colcon_core.shell:Creating package script '/home/marc/Programming/robotics-prototype/robot/rospackages/install/mcu_control_python/share/mcu_control_python/package.zsh'
[1.133s] Level 1:colcon.colcon_core.environment:create_file_with_runtime_dependencies(/home/marc/Programming/robotics-prototype/robot/rospackages/install/mcu_control_python/share/colcon-core/packages/mcu_control_python)
[1.733s] DEBUG:colcon.colcon_core.event_handler.log_command:Invoked command in '/home/marc/Programming/robotics-prototype/robot/rospackages/build/joy_control' returned '1': CMAKE_PREFIX_PATH=${CMAKE_PREFIX_PATH}:/home/marc/Programming/robotics-prototype/robot/rospackages/install/mcu_control_python:/opt/ros/humble VIRTUAL_ENV_PROMPT=(venv) /usr/bin/cmake /home/marc/Programming/robotics-prototype/robot/rospackages/src/joy_control -DCMAKE_INSTALL_PREFIX=/home/marc/Programming/robotics-prototype/robot/rospackages/install/joy_control
[1.747s] Level 1:colcon.colcon_core.environment:create_environment_scripts_only(joy_control)
[1.750s] Level 1:colcon.colcon_core.environment:checking '/home/marc/Programming/robotics-prototype/robot/rospackages/install/joy_control' for CMake module files
[1.750s] Level 1:colcon.colcon_core.environment:checking '/home/marc/Programming/robotics-prototype/robot/rospackages/install/joy_control' for CMake config files
[1.751s] Level 1:colcon.colcon_core.environment:checking '/home/marc/Programming/robotics-prototype/robot/rospackages/install/joy_control/bin'
[1.751s] Level 1:colcon.colcon_core.environment:checking '/home/marc/Programming/robotics-prototype/robot/rospackages/install/joy_control/lib/pkgconfig/joy_control.pc'
[1.751s] Level 1:colcon.colcon_core.environment:checking '/home/marc/Programming/robotics-prototype/robot/rospackages/install/joy_control/lib/python3.10/site-packages'
[1.751s] Level 1:colcon.colcon_core.environment:checking '/home/marc/Programming/robotics-prototype/robot/rospackages/install/joy_control/bin'
[1.753s] INFO:colcon.colcon_core.shell:Creating package script '/home/marc/Programming/robotics-prototype/robot/rospackages/install/joy_control/share/joy_control/package.ps1'
[1.754s] INFO:colcon.colcon_core.shell:Creating package descriptor '/home/marc/Programming/robotics-prototype/robot/rospackages/install/joy_control/share/joy_control/package.dsv'
[1.754s] INFO:colcon.colcon_core.shell:Creating package script '/home/marc/Programming/robotics-prototype/robot/rospackages/install/joy_control/share/joy_control/package.sh'
[1.754s] INFO:colcon.colcon_core.shell:Creating package script '/home/marc/Programming/robotics-prototype/robot/rospackages/install/joy_control/share/joy_control/package.bash'
[1.755s] INFO:colcon.colcon_core.shell:Creating package script '/home/marc/Programming/robotics-prototype/robot/rospackages/install/joy_control/share/joy_control/package.zsh'
[1.755s] Level 1:colcon.colcon_core.environment:create_file_with_runtime_dependencies(/home/marc/Programming/robotics-prototype/robot/rospackages/install/joy_control/share/colcon-core/packages/joy_control)
[1.756s] DEBUG:colcon.colcon_parallel_executor.executor.parallel:closing loop
[1.757s] DEBUG:colcon.colcon_parallel_executor.executor.parallel:loop closed
[1.757s] DEBUG:colcon.colcon_parallel_executor.executor.parallel:run_until_complete finished with '1'
[1.757s] DEBUG:colcon.colcon_core.event_reactor:joining thread
[1.770s] INFO:colcon.colcon_core.plugin_system:Skipping extension 'colcon_notification.desktop_notification.terminal_notifier': Not used on non-Darwin systems
[1.770s] INFO:colcon.colcon_core.plugin_system:Skipping extension 'colcon_notification.desktop_notification.win32': Not used on non-Windows systems
[1.770s] INFO:colcon.colcon_notification.desktop_notification:Sending desktop notification using 'notify2'
[1.788s] DEBUG:colcon.colcon_core.event_reactor:joined thread
[1.789s] INFO:colcon.colcon_core.shell:Creating prefix script '/home/marc/Programming/robotics-prototype/robot/rospackages/install/local_setup.ps1'
[1.791s] INFO:colcon.colcon_core.shell:Creating prefix util module '/home/marc/Programming/robotics-prototype/robot/rospackages/install/_local_setup_util_ps1.py'
[1.792s] INFO:colcon.colcon_core.shell:Creating prefix chain script '/home/marc/Programming/robotics-prototype/robot/rospackages/install/setup.ps1'
[1.793s] INFO:colcon.colcon_core.shell:Creating prefix script '/home/marc/Programming/robotics-prototype/robot/rospackages/install/local_setup.sh'
[1.794s] INFO:colcon.colcon_core.shell:Creating prefix util module '/home/marc/Programming/robotics-prototype/robot/rospackages/install/_local_setup_util_sh.py'
[1.794s] INFO:colcon.colcon_core.shell:Creating prefix chain script '/home/marc/Programming/robotics-prototype/robot/rospackages/install/setup.sh'
[1.795s] INFO:colcon.colcon_core.shell:Creating prefix script '/home/marc/Programming/robotics-prototype/robot/rospackages/install/local_setup.bash'
[1.795s] INFO:colcon.colcon_core.shell:Creating prefix chain script '/home/marc/Programming/robotics-prototype/robot/rospackages/install/setup.bash'
[1.797s] INFO:colcon.colcon_core.shell:Creating prefix script '/home/marc/Programming/robotics-prototype/robot/rospackages/install/local_setup.zsh'
[1.797s] INFO:colcon.colcon_core.shell:Creating prefix chain script '/home/marc/Programming/robotics-prototype/robot/rospackages/install/setup.zsh'
