/usr/lib/python3/dist-packages/setuptools/dist.py:723: UserWarning: Usage of dash-separated 'script-dir' will not be supported in future versions. Please use the underscore name 'script_dir' instead
  warnings.warn(
running egg_info
writing ../../build/mcu_control_python/mcu_control_python.egg-info/PKG-INFO
writing dependency_links to ../../build/mcu_control_python/mcu_control_python.egg-info/dependency_links.txt
writing entry points to ../../build/mcu_control_python/mcu_control_python.egg-info/entry_points.txt
writing requirements to ../../build/mcu_control_python/mcu_control_python.egg-info/requires.txt
writing top-level names to ../../build/mcu_control_python/mcu_control_python.egg-info/top_level.txt
reading manifest file '../../build/mcu_control_python/mcu_control_python.egg-info/SOURCES.txt'
writing manifest file '../../build/mcu_control_python/mcu_control_python.egg-info/SOURCES.txt'
running build
running build_py
running install
running install_lib
/usr/lib/python3/dist-packages/setuptools/command/install.py:34: SetuptoolsDeprecationWarning: setup.py install is deprecated. Use build and pip and other standards-based tools.
  warnings.warn(
running install_data
running install_egg_info
removing '/home/marc/Programming/robotics-prototype/robot/rospackages/install/mcu_control_python/lib/python3.10/site-packages/mcu_control_python-0.0.0-py3.10.egg-info' (and everything under it)
Copying ../../build/mcu_control_python/mcu_control_python.egg-info to /home/marc/Programming/robotics-prototype/robot/rospackages/install/mcu_control_python/lib/python3.10/site-packages/mcu_control_python-0.0.0-py3.10.egg-info
running install_scripts
Installing CommsNode script to /home/marc/Programming/robotics-prototype/robot/rospackages/install/mcu_control_python/lib/mcu_control_python
writing list of installed files to '/home/marc/Programming/robotics-prototype/robot/rospackages/build/mcu_control_python/install.log'
