[0.233s] DEBUG:colcon:Command line arguments: ['/usr/bin/colcon', 'build']
[0.233s] DEBUG:colcon:Parsed command line arguments: Namespace(log_base=None, log_level=None, verb_name='build', build_base='build', install_base='install', merge_install=False, symlink_install=False, test_result_base=None, continue_on_error=False, executor='parallel', parallel_workers=16, event_handlers=None, ignore_user_meta=False, metas=['./colcon.meta'], base_paths=['.'], packages_ignore=None, packages_ignore_regex=None, paths=None, packages_up_to=None, packages_up_to_regex=None, packages_above=None, packages_above_and_dependencies=None, packages_above_depth=None, packages_select_by_dep=None, packages_skip_by_dep=None, packages_skip_up_to=None, packages_select_build_failed=False, packages_skip_build_finished=False, packages_select_test_failures=False, packages_skip_test_passed=False, packages_select=None, packages_skip=None, packages_select_regex=None, packages_skip_regex=None, packages_start=None, packages_end=None, allow_overriding=[], cmake_args=None, cmake_target=None, cmake_target_skip_unavailable=False, cmake_clean_cache=False, cmake_clean_first=False, cmake_force_configure=False, ament_cmake_args=None, catkin_cmake_args=None, catkin_skip_building_tests=False, verb_parser=<colcon_defaults.argument_parser.defaults.DefaultArgumentsDecorator object at 0x7f5bf7b46860>, verb_extension=<colcon_core.verb.build.BuildVerb object at 0x7f5bf848ead0>, main=<bound method BuildVerb.main of <colcon_core.verb.build.BuildVerb object at 0x7f5bf848ead0>>)
[0.249s] Level 1:colcon.colcon_core.package_discovery:discover_packages(colcon_meta) check parameters
[0.249s] Level 1:colcon.colcon_core.package_discovery:discover_packages(recursive) check parameters
[0.249s] Level 1:colcon.colcon_core.package_discovery:discover_packages(ignore) check parameters
[0.249s] Level 1:colcon.colcon_core.package_discovery:discover_packages(path) check parameters
[0.249s] Level 1:colcon.colcon_core.package_discovery:discover_packages(colcon_meta) discover
[0.249s] Level 1:colcon.colcon_core.package_discovery:discover_packages(recursive) discover
[0.250s] INFO:colcon.colcon_core.package_discovery:Crawling recursively for packages in '/home/marc/Programming/robotics-prototype/robot/rospackages'
[0.250s] Level 1:colcon.colcon_core.package_identification:_identify(.) by extensions ['ignore', 'ignore_ament_install']
[0.250s] Level 1:colcon.colcon_core.package_identification:_identify(.) by extension 'ignore'
[0.250s] Level 1:colcon.colcon_core.package_identification:_identify(.) by extension 'ignore_ament_install'
[0.250s] Level 1:colcon.colcon_core.package_identification:_identify(.) by extensions ['colcon_pkg']
[0.250s] Level 1:colcon.colcon_core.package_identification:_identify(.) by extension 'colcon_pkg'
[0.250s] Level 1:colcon.colcon_core.package_identification:_identify(.) by extensions ['colcon_meta']
[0.250s] Level 1:colcon.colcon_core.package_identification:_identify(.) by extension 'colcon_meta'
[0.250s] Level 1:colcon.colcon_core.package_identification:_identify(.) by extensions ['ros']
[0.250s] Level 1:colcon.colcon_core.package_identification:_identify(.) by extension 'ros'
[0.270s] Level 1:colcon.colcon_core.package_identification:_identify(.) by extensions ['cmake', 'python']
[0.270s] Level 1:colcon.colcon_core.package_identification:_identify(.) by extension 'cmake'
[0.270s] Level 1:colcon.colcon_core.package_identification:_identify(.) by extension 'python'
[0.270s] Level 1:colcon.colcon_core.package_identification:_identify(.) by extensions ['python_setup_py']
[0.270s] Level 1:colcon.colcon_core.package_identification:_identify(.) by extension 'python_setup_py'
[0.270s] Level 1:colcon.colcon_core.package_identification:_identify(build) by extensions ['ignore', 'ignore_ament_install']
[0.270s] Level 1:colcon.colcon_core.package_identification:_identify(build) by extension 'ignore'
[0.270s] Level 1:colcon.colcon_core.package_identification:_identify(build) ignored
[0.270s] Level 1:colcon.colcon_core.package_identification:_identify(install) by extensions ['ignore', 'ignore_ament_install']
[0.270s] Level 1:colcon.colcon_core.package_identification:_identify(install) by extension 'ignore'
[0.270s] Level 1:colcon.colcon_core.package_identification:_identify(install) ignored
[0.271s] Level 1:colcon.colcon_core.package_identification:_identify(log) by extensions ['ignore', 'ignore_ament_install']
[0.271s] Level 1:colcon.colcon_core.package_identification:_identify(log) by extension 'ignore'
[0.271s] Level 1:colcon.colcon_core.package_identification:_identify(log) ignored
[0.271s] Level 1:colcon.colcon_core.package_identification:_identify(src) by extensions ['ignore', 'ignore_ament_install']
[0.271s] Level 1:colcon.colcon_core.package_identification:_identify(src) by extension 'ignore'
[0.271s] Level 1:colcon.colcon_core.package_identification:_identify(src) by extension 'ignore_ament_install'
[0.271s] Level 1:colcon.colcon_core.package_identification:_identify(src) by extensions ['colcon_pkg']
[0.271s] Level 1:colcon.colcon_core.package_identification:_identify(src) by extension 'colcon_pkg'
[0.271s] Level 1:colcon.colcon_core.package_identification:_identify(src) by extensions ['colcon_meta']
[0.271s] Level 1:colcon.colcon_core.package_identification:_identify(src) by extension 'colcon_meta'
[0.271s] Level 1:colcon.colcon_core.package_identification:_identify(src) by extensions ['ros']
[0.271s] Level 1:colcon.colcon_core.package_identification:_identify(src) by extension 'ros'
[0.271s] Level 1:colcon.colcon_core.package_identification:_identify(src) by extensions ['cmake', 'python']
[0.271s] Level 1:colcon.colcon_core.package_identification:_identify(src) by extension 'cmake'
[0.271s] Level 1:colcon.colcon_core.package_identification:_identify(src) by extension 'python'
[0.271s] Level 1:colcon.colcon_core.package_identification:_identify(src) by extensions ['python_setup_py']
[0.271s] Level 1:colcon.colcon_core.package_identification:_identify(src) by extension 'python_setup_py'
[0.271s] Level 1:colcon.colcon_core.package_identification:_identify(src/joy_control) by extensions ['ignore', 'ignore_ament_install']
[0.271s] Level 1:colcon.colcon_core.package_identification:_identify(src/joy_control) by extension 'ignore'
[0.272s] Level 1:colcon.colcon_core.package_identification:_identify(src/joy_control) by extension 'ignore_ament_install'
[0.272s] Level 1:colcon.colcon_core.package_identification:_identify(src/joy_control) by extensions ['colcon_pkg']
[0.272s] Level 1:colcon.colcon_core.package_identification:_identify(src/joy_control) by extension 'colcon_pkg'
[0.272s] Level 1:colcon.colcon_core.package_identification:_identify(src/joy_control) by extensions ['colcon_meta']
[0.272s] Level 1:colcon.colcon_core.package_identification:_identify(src/joy_control) by extension 'colcon_meta'
[0.272s] Level 1:colcon.colcon_core.package_identification:_identify(src/joy_control) by extensions ['ros']
[0.272s] Level 1:colcon.colcon_core.package_identification:_identify(src/joy_control) by extension 'ros'
[0.274s] DEBUG:colcon.colcon_core.package_identification:Package 'src/joy_control' with type 'ros.ament_cmake' and name 'joy_control'
[0.274s] Level 1:colcon.colcon_core.package_identification:_identify(src/mcu_control_python) by extensions ['ignore', 'ignore_ament_install']
[0.274s] Level 1:colcon.colcon_core.package_identification:_identify(src/mcu_control_python) by extension 'ignore'
[0.274s] Level 1:colcon.colcon_core.package_identification:_identify(src/mcu_control_python) by extension 'ignore_ament_install'
[0.274s] Level 1:colcon.colcon_core.package_identification:_identify(src/mcu_control_python) by extensions ['colcon_pkg']
[0.274s] Level 1:colcon.colcon_core.package_identification:_identify(src/mcu_control_python) by extension 'colcon_pkg'
[0.274s] Level 1:colcon.colcon_core.package_identification:_identify(src/mcu_control_python) by extensions ['colcon_meta']
[0.275s] Level 1:colcon.colcon_core.package_identification:_identify(src/mcu_control_python) by extension 'colcon_meta'
[0.275s] Level 1:colcon.colcon_core.package_identification:_identify(src/mcu_control_python) by extensions ['ros']
[0.275s] Level 1:colcon.colcon_core.package_identification:_identify(src/mcu_control_python) by extension 'ros'
[0.275s] DEBUG:colcon.colcon_core.package_identification:Package 'src/mcu_control_python' with type 'ros.ament_python' and name 'mcu_control_python'
[0.275s] Level 1:colcon.colcon_core.package_discovery:discover_packages(recursive) using defaults
[0.275s] Level 1:colcon.colcon_core.package_discovery:discover_packages(ignore) discover
[0.275s] Level 1:colcon.colcon_core.package_discovery:discover_packages(ignore) using defaults
[0.275s] Level 1:colcon.colcon_core.package_discovery:discover_packages(path) discover
[0.275s] Level 1:colcon.colcon_core.package_discovery:discover_packages(path) using defaults
[0.294s] Level 1:colcon.colcon_core.package_discovery:discover_packages(prefix_path) check parameters
[0.294s] Level 1:colcon.colcon_core.package_discovery:discover_packages(prefix_path) discover
[0.296s] DEBUG:colcon.colcon_installed_package_information.package_discovery:Found 2 installed packages in /home/marc/Programming/robotics-prototype/robot/rospackages/install
[0.298s] DEBUG:colcon.colcon_installed_package_information.package_discovery:Found 270 installed packages in /opt/ros/humble
[0.299s] Level 1:colcon.colcon_core.package_discovery:discover_packages(prefix_path) using defaults
[0.342s] Level 5:colcon.colcon_core.verb:set package 'joy_control' build argument 'cmake_args' from command line to 'None'
[0.342s] Level 5:colcon.colcon_core.verb:set package 'joy_control' build argument 'cmake_target' from command line to 'None'
[0.342s] Level 5:colcon.colcon_core.verb:set package 'joy_control' build argument 'cmake_target_skip_unavailable' from command line to 'False'
[0.342s] Level 5:colcon.colcon_core.verb:set package 'joy_control' build argument 'cmake_clean_cache' from command line to 'False'
[0.343s] Level 5:colcon.colcon_core.verb:set package 'joy_control' build argument 'cmake_clean_first' from command line to 'False'
[0.343s] Level 5:colcon.colcon_core.verb:set package 'joy_control' build argument 'cmake_force_configure' from command line to 'False'
[0.343s] Level 5:colcon.colcon_core.verb:set package 'joy_control' build argument 'ament_cmake_args' from command line to 'None'
[0.343s] Level 5:colcon.colcon_core.verb:set package 'joy_control' build argument 'catkin_cmake_args' from command line to 'None'
[0.343s] Level 5:colcon.colcon_core.verb:set package 'joy_control' build argument 'catkin_skip_building_tests' from command line to 'False'
[0.343s] DEBUG:colcon.colcon_core.verb:Building package 'joy_control' with the following arguments: {'ament_cmake_args': None, 'build_base': '/home/marc/Programming/robotics-prototype/robot/rospackages/build/joy_control', 'catkin_cmake_args': None, 'catkin_skip_building_tests': False, 'cmake_args': None, 'cmake_clean_cache': False, 'cmake_clean_first': False, 'cmake_force_configure': False, 'cmake_target': None, 'cmake_target_skip_unavailable': False, 'install_base': '/home/marc/Programming/robotics-prototype/robot/rospackages/install/joy_control', 'merge_install': False, 'path': '/home/marc/Programming/robotics-prototype/robot/rospackages/src/joy_control', 'symlink_install': False, 'test_result_base': None}
[0.343s] Level 5:colcon.colcon_core.verb:set package 'mcu_control_python' build argument 'cmake_args' from command line to 'None'
[0.343s] Level 5:colcon.colcon_core.verb:set package 'mcu_control_python' build argument 'cmake_target' from command line to 'None'
[0.343s] Level 5:colcon.colcon_core.verb:set package 'mcu_control_python' build argument 'cmake_target_skip_unavailable' from command line to 'False'
[0.344s] Level 5:colcon.colcon_core.verb:set package 'mcu_control_python' build argument 'cmake_clean_cache' from command line to 'False'
[0.344s] Level 5:colcon.colcon_core.verb:set package 'mcu_control_python' build argument 'cmake_clean_first' from command line to 'False'
[0.344s] Level 5:colcon.colcon_core.verb:set package 'mcu_control_python' build argument 'cmake_force_configure' from command line to 'False'
[0.344s] Level 5:colcon.colcon_core.verb:set package 'mcu_control_python' build argument 'ament_cmake_args' from command line to 'None'
[0.344s] Level 5:colcon.colcon_core.verb:set package 'mcu_control_python' build argument 'catkin_cmake_args' from command line to 'None'
[0.344s] Level 5:colcon.colcon_core.verb:set package 'mcu_control_python' build argument 'catkin_skip_building_tests' from command line to 'False'
[0.344s] DEBUG:colcon.colcon_core.verb:Building package 'mcu_control_python' with the following arguments: {'ament_cmake_args': None, 'build_base': '/home/marc/Programming/robotics-prototype/robot/rospackages/build/mcu_control_python', 'catkin_cmake_args': None, 'catkin_skip_building_tests': False, 'cmake_args': None, 'cmake_clean_cache': False, 'cmake_clean_first': False, 'cmake_force_configure': False, 'cmake_target': None, 'cmake_target_skip_unavailable': False, 'install_base': '/home/marc/Programming/robotics-prototype/robot/rospackages/install/mcu_control_python', 'merge_install': False, 'path': '/home/marc/Programming/robotics-prototype/robot/rospackages/src/mcu_control_python', 'symlink_install': False, 'test_result_base': None}
[0.344s] INFO:colcon.colcon_core.executor:Executing jobs using 'parallel' executor
[0.347s] DEBUG:colcon.colcon_parallel_executor.executor.parallel:run_until_complete
[0.347s] INFO:colcon.colcon_ros.task.ament_cmake.build:Building ROS package in '/home/marc/Programming/robotics-prototype/robot/rospackages/src/joy_control' with build type 'ament_cmake'
[0.348s] INFO:colcon.colcon_cmake.task.cmake.build:Building CMake package in '/home/marc/Programming/robotics-prototype/robot/rospackages/src/joy_control'
[0.352s] INFO:colcon.colcon_core.plugin_system:Skipping extension 'colcon_core.shell.bat': Not used on non-Windows systems
[0.352s] INFO:colcon.colcon_core.shell:Skip shell extension 'powershell' for command environment: Not usable outside of PowerShell
[0.352s] DEBUG:colcon.colcon_core.shell:Skip shell extension 'dsv' for command environment
[0.356s] INFO:colcon.colcon_ros.task.ament_python.build:Building ROS package in '/home/marc/Programming/robotics-prototype/robot/rospackages/src/mcu_control_python' with build type 'ament_python'
[0.357s] Level 1:colcon.colcon_core.shell:create_environment_hook('mcu_control_python', 'ament_prefix_path')
[0.358s] INFO:colcon.colcon_core.shell:Creating environment hook '/home/marc/Programming/robotics-prototype/robot/rospackages/install/mcu_control_python/share/mcu_control_python/hook/ament_prefix_path.ps1'
[0.359s] INFO:colcon.colcon_core.shell:Creating environment descriptor '/home/marc/Programming/robotics-prototype/robot/rospackages/install/mcu_control_python/share/mcu_control_python/hook/ament_prefix_path.dsv'
[0.359s] INFO:colcon.colcon_core.shell:Creating environment hook '/home/marc/Programming/robotics-prototype/robot/rospackages/install/mcu_control_python/share/mcu_control_python/hook/ament_prefix_path.sh'
[0.361s] INFO:colcon.colcon_core.shell:Skip shell extension 'powershell' for command environment: Not usable outside of PowerShell
[0.361s] DEBUG:colcon.colcon_core.shell:Skip shell extension 'dsv' for command environment
[0.372s] DEBUG:colcon.colcon_core.event_handler.log_command:Invoking command in '/home/marc/Programming/robotics-prototype/robot/rospackages/build/joy_control': CMAKE_PREFIX_PATH=${CMAKE_PREFIX_PATH}:/home/marc/Programming/robotics-prototype/robot/rospackages/install/mcu_control_python:/opt/ros/humble VIRTUAL_ENV_PROMPT=(venv) /usr/bin/cmake --build /home/marc/Programming/robotics-prototype/robot/rospackages/build/joy_control -- -j16 -l16
[0.650s] INFO:colcon.colcon_core.task.python.build:Building Python package in '/home/marc/Programming/robotics-prototype/robot/rospackages/src/mcu_control_python'
[0.652s] INFO:colcon.colcon_core.shell:Skip shell extension 'powershell' for command environment: Not usable outside of PowerShell
[0.652s] DEBUG:colcon.colcon_core.shell:Skip shell extension 'dsv' for command environment
[0.658s] DEBUG:colcon.colcon_core.event_handler.log_command:Invoked command in '/home/marc/Programming/robotics-prototype/robot/rospackages/build/joy_control' returned '0': CMAKE_PREFIX_PATH=${CMAKE_PREFIX_PATH}:/home/marc/Programming/robotics-prototype/robot/rospackages/install/mcu_control_python:/opt/ros/humble VIRTUAL_ENV_PROMPT=(venv) /usr/bin/cmake --build /home/marc/Programming/robotics-prototype/robot/rospackages/build/joy_control -- -j16 -l16
[0.696s] DEBUG:colcon.colcon_core.event_handler.log_command:Invoking command in '/home/marc/Programming/robotics-prototype/robot/rospackages/build/joy_control': CMAKE_PREFIX_PATH=${CMAKE_PREFIX_PATH}:/home/marc/Programming/robotics-prototype/robot/rospackages/install/mcu_control_python:/opt/ros/humble VIRTUAL_ENV_PROMPT=(venv) /usr/bin/cmake --install /home/marc/Programming/robotics-prototype/robot/rospackages/build/joy_control
[0.707s] Level 1:colcon.colcon_core.environment:create_environment_scripts_only(joy_control)
[0.708s] DEBUG:colcon.colcon_core.event_handler.log_command:Invoked command in '/home/marc/Programming/robotics-prototype/robot/rospackages/build/joy_control' returned '0': CMAKE_PREFIX_PATH=${CMAKE_PREFIX_PATH}:/home/marc/Programming/robotics-prototype/robot/rospackages/install/mcu_control_python:/opt/ros/humble VIRTUAL_ENV_PROMPT=(venv) /usr/bin/cmake --install /home/marc/Programming/robotics-prototype/robot/rospackages/build/joy_control
[0.713s] Level 1:colcon.colcon_core.environment:checking '/home/marc/Programming/robotics-prototype/robot/rospackages/install/joy_control' for CMake module files
[0.714s] Level 1:colcon.colcon_core.environment:checking '/home/marc/Programming/robotics-prototype/robot/rospackages/install/joy_control' for CMake config files
[0.714s] Level 1:colcon.colcon_core.shell:create_environment_hook('joy_control', 'cmake_prefix_path')
[0.716s] INFO:colcon.colcon_core.shell:Creating environment hook '/home/marc/Programming/robotics-prototype/robot/rospackages/install/joy_control/share/joy_control/hook/cmake_prefix_path.ps1'
[0.717s] INFO:colcon.colcon_core.shell:Creating environment descriptor '/home/marc/Programming/robotics-prototype/robot/rospackages/install/joy_control/share/joy_control/hook/cmake_prefix_path.dsv'
[0.717s] INFO:colcon.colcon_core.shell:Creating environment hook '/home/marc/Programming/robotics-prototype/robot/rospackages/install/joy_control/share/joy_control/hook/cmake_prefix_path.sh'
[0.718s] Level 1:colcon.colcon_core.environment:checking '/home/marc/Programming/robotics-prototype/robot/rospackages/install/joy_control/lib'
[0.718s] Level 1:colcon.colcon_core.environment:checking '/home/marc/Programming/robotics-prototype/robot/rospackages/install/joy_control/bin'
[0.718s] Level 1:colcon.colcon_core.environment:checking '/home/marc/Programming/robotics-prototype/robot/rospackages/install/joy_control/lib/pkgconfig/joy_control.pc'
[0.719s] Level 1:colcon.colcon_core.environment:checking '/home/marc/Programming/robotics-prototype/robot/rospackages/install/joy_control/lib/python3.10/site-packages'
[0.719s] Level 1:colcon.colcon_core.environment:checking '/home/marc/Programming/robotics-prototype/robot/rospackages/install/joy_control/bin'
[0.721s] INFO:colcon.colcon_core.shell:Creating package script '/home/marc/Programming/robotics-prototype/robot/rospackages/install/joy_control/share/joy_control/package.ps1'
[0.723s] INFO:colcon.colcon_core.shell:Creating package descriptor '/home/marc/Programming/robotics-prototype/robot/rospackages/install/joy_control/share/joy_control/package.dsv'
[0.724s] INFO:colcon.colcon_core.shell:Creating package script '/home/marc/Programming/robotics-prototype/robot/rospackages/install/joy_control/share/joy_control/package.sh'
[0.725s] INFO:colcon.colcon_core.shell:Creating package script '/home/marc/Programming/robotics-prototype/robot/rospackages/install/joy_control/share/joy_control/package.bash'
[0.726s] INFO:colcon.colcon_core.shell:Creating package script '/home/marc/Programming/robotics-prototype/robot/rospackages/install/joy_control/share/joy_control/package.zsh'
[0.727s] Level 1:colcon.colcon_core.environment:create_file_with_runtime_dependencies(/home/marc/Programming/robotics-prototype/robot/rospackages/install/joy_control/share/colcon-core/packages/joy_control)
[0.757s] Level 1:colcon.colcon_core.environment:create_environment_scripts_only(joy_control)
[0.760s] Level 1:colcon.colcon_core.environment:checking '/home/marc/Programming/robotics-prototype/robot/rospackages/install/joy_control' for CMake module files
[0.761s] Level 1:colcon.colcon_core.environment:checking '/home/marc/Programming/robotics-prototype/robot/rospackages/install/joy_control' for CMake config files
[0.761s] Level 1:colcon.colcon_core.shell:create_environment_hook('joy_control', 'cmake_prefix_path')
[0.763s] INFO:colcon.colcon_core.shell:Creating environment hook '/home/marc/Programming/robotics-prototype/robot/rospackages/install/joy_control/share/joy_control/hook/cmake_prefix_path.ps1'
[0.764s] INFO:colcon.colcon_core.shell:Creating environment descriptor '/home/marc/Programming/robotics-prototype/robot/rospackages/install/joy_control/share/joy_control/hook/cmake_prefix_path.dsv'
[0.764s] INFO:colcon.colcon_core.shell:Creating environment hook '/home/marc/Programming/robotics-prototype/robot/rospackages/install/joy_control/share/joy_control/hook/cmake_prefix_path.sh'
[0.765s] Level 1:colcon.colcon_core.environment:checking '/home/marc/Programming/robotics-prototype/robot/rospackages/install/joy_control/lib'
[0.765s] Level 1:colcon.colcon_core.environment:checking '/home/marc/Programming/robotics-prototype/robot/rospackages/install/joy_control/bin'
[0.765s] Level 1:colcon.colcon_core.environment:checking '/home/marc/Programming/robotics-prototype/robot/rospackages/install/joy_control/lib/pkgconfig/joy_control.pc'
[0.766s] Level 1:colcon.colcon_core.environment:checking '/home/marc/Programming/robotics-prototype/robot/rospackages/install/joy_control/lib/python3.10/site-packages'
[0.766s] Level 1:colcon.colcon_core.environment:checking '/home/marc/Programming/robotics-prototype/robot/rospackages/install/joy_control/bin'
[0.768s] INFO:colcon.colcon_core.shell:Creating package script '/home/marc/Programming/robotics-prototype/robot/rospackages/install/joy_control/share/joy_control/package.ps1'
[0.768s] INFO:colcon.colcon_core.shell:Creating package descriptor '/home/marc/Programming/robotics-prototype/robot/rospackages/install/joy_control/share/joy_control/package.dsv'
[0.769s] INFO:colcon.colcon_core.shell:Creating package script '/home/marc/Programming/robotics-prototype/robot/rospackages/install/joy_control/share/joy_control/package.sh'
[0.769s] INFO:colcon.colcon_core.shell:Creating package script '/home/marc/Programming/robotics-prototype/robot/rospackages/install/joy_control/share/joy_control/package.bash'
[0.770s] INFO:colcon.colcon_core.shell:Creating package script '/home/marc/Programming/robotics-prototype/robot/rospackages/install/joy_control/share/joy_control/package.zsh'
[0.770s] Level 1:colcon.colcon_core.environment:create_file_with_runtime_dependencies(/home/marc/Programming/robotics-prototype/robot/rospackages/install/joy_control/share/colcon-core/packages/joy_control)
[1.025s] DEBUG:colcon.colcon_core.event_handler.log_command:Invoking command in '/home/marc/Programming/robotics-prototype/robot/rospackages/src/mcu_control_python': PYTHONPATH=/home/marc/Programming/robotics-prototype/robot/rospackages/build/mcu_control_python/prefix_override:/home/marc/Programming/robotics-prototype/robot/rospackages/install/mcu_control_python/lib/python3.10/site-packages:${PYTHONPATH} VIRTUAL_ENV_PROMPT=(venv) /usr/bin/python3 setup.py egg_info --egg-base ../../build/mcu_control_python build --build-base /home/marc/Programming/robotics-prototype/robot/rospackages/build/mcu_control_python/build install --record /home/marc/Programming/robotics-prototype/robot/rospackages/build/mcu_control_python/install.log --install-scripts $base/lib/mcu_control_python --single-version-externally-managed
[1.324s] Level 1:colcon.colcon_core.environment:checking '/home/marc/Programming/robotics-prototype/robot/rospackages/install/mcu_control_python' for CMake module files
[1.325s] DEBUG:colcon.colcon_core.event_handler.log_command:Invoked command in '/home/marc/Programming/robotics-prototype/robot/rospackages/src/mcu_control_python' returned '0': PYTHONPATH=/home/marc/Programming/robotics-prototype/robot/rospackages/build/mcu_control_python/prefix_override:/home/marc/Programming/robotics-prototype/robot/rospackages/install/mcu_control_python/lib/python3.10/site-packages:${PYTHONPATH} VIRTUAL_ENV_PROMPT=(venv) /usr/bin/python3 setup.py egg_info --egg-base ../../build/mcu_control_python build --build-base /home/marc/Programming/robotics-prototype/robot/rospackages/build/mcu_control_python/build install --record /home/marc/Programming/robotics-prototype/robot/rospackages/build/mcu_control_python/install.log --install-scripts $base/lib/mcu_control_python --single-version-externally-managed
[1.325s] Level 1:colcon.colcon_core.environment:checking '/home/marc/Programming/robotics-prototype/robot/rospackages/install/mcu_control_python' for CMake config files
[1.326s] Level 1:colcon.colcon_core.environment:checking '/home/marc/Programming/robotics-prototype/robot/rospackages/install/mcu_control_python/lib'
[1.326s] Level 1:colcon.colcon_core.environment:checking '/home/marc/Programming/robotics-prototype/robot/rospackages/install/mcu_control_python/bin'
[1.326s] Level 1:colcon.colcon_core.environment:checking '/home/marc/Programming/robotics-prototype/robot/rospackages/install/mcu_control_python/lib/pkgconfig/mcu_control_python.pc'
[1.326s] Level 1:colcon.colcon_core.environment:checking '/home/marc/Programming/robotics-prototype/robot/rospackages/install/mcu_control_python/lib/python3.10/site-packages'
[1.326s] Level 1:colcon.colcon_core.shell:create_environment_hook('mcu_control_python', 'pythonpath')
[1.327s] INFO:colcon.colcon_core.shell:Creating environment hook '/home/marc/Programming/robotics-prototype/robot/rospackages/install/mcu_control_python/share/mcu_control_python/hook/pythonpath.ps1'
[1.328s] INFO:colcon.colcon_core.shell:Creating environment descriptor '/home/marc/Programming/robotics-prototype/robot/rospackages/install/mcu_control_python/share/mcu_control_python/hook/pythonpath.dsv'
[1.328s] INFO:colcon.colcon_core.shell:Creating environment hook '/home/marc/Programming/robotics-prototype/robot/rospackages/install/mcu_control_python/share/mcu_control_python/hook/pythonpath.sh'
[1.328s] Level 1:colcon.colcon_core.environment:checking '/home/marc/Programming/robotics-prototype/robot/rospackages/install/mcu_control_python/bin'
[1.328s] Level 1:colcon.colcon_core.environment:create_environment_scripts_only(mcu_control_python)
[1.330s] INFO:colcon.colcon_core.shell:Creating package script '/home/marc/Programming/robotics-prototype/robot/rospackages/install/mcu_control_python/share/mcu_control_python/package.ps1'
[1.330s] INFO:colcon.colcon_core.shell:Creating package descriptor '/home/marc/Programming/robotics-prototype/robot/rospackages/install/mcu_control_python/share/mcu_control_python/package.dsv'
[1.330s] INFO:colcon.colcon_core.shell:Creating package script '/home/marc/Programming/robotics-prototype/robot/rospackages/install/mcu_control_python/share/mcu_control_python/package.sh'
[1.331s] INFO:colcon.colcon_core.shell:Creating package script '/home/marc/Programming/robotics-prototype/robot/rospackages/install/mcu_control_python/share/mcu_control_python/package.bash'
[1.331s] INFO:colcon.colcon_core.shell:Creating package script '/home/marc/Programming/robotics-prototype/robot/rospackages/install/mcu_control_python/share/mcu_control_python/package.zsh'
[1.331s] Level 1:colcon.colcon_core.environment:create_file_with_runtime_dependencies(/home/marc/Programming/robotics-prototype/robot/rospackages/install/mcu_control_python/share/colcon-core/packages/mcu_control_python)
[1.332s] DEBUG:colcon.colcon_parallel_executor.executor.parallel:closing loop
[1.332s] DEBUG:colcon.colcon_parallel_executor.executor.parallel:loop closed
[1.332s] DEBUG:colcon.colcon_parallel_executor.executor.parallel:run_until_complete finished with '0'
[1.332s] DEBUG:colcon.colcon_core.event_reactor:joining thread
[1.340s] INFO:colcon.colcon_core.plugin_system:Skipping extension 'colcon_notification.desktop_notification.terminal_notifier': Not used on non-Darwin systems
[1.340s] INFO:colcon.colcon_core.plugin_system:Skipping extension 'colcon_notification.desktop_notification.win32': Not used on non-Windows systems
[1.340s] INFO:colcon.colcon_notification.desktop_notification:Sending desktop notification using 'notify2'
[1.354s] DEBUG:colcon.colcon_core.event_reactor:joined thread
[1.356s] INFO:colcon.colcon_core.shell:Creating prefix script '/home/marc/Programming/robotics-prototype/robot/rospackages/install/local_setup.ps1'
[1.357s] INFO:colcon.colcon_core.shell:Creating prefix util module '/home/marc/Programming/robotics-prototype/robot/rospackages/install/_local_setup_util_ps1.py'
[1.359s] INFO:colcon.colcon_core.shell:Creating prefix chain script '/home/marc/Programming/robotics-prototype/robot/rospackages/install/setup.ps1'
[1.360s] INFO:colcon.colcon_core.shell:Creating prefix script '/home/marc/Programming/robotics-prototype/robot/rospackages/install/local_setup.sh'
[1.361s] INFO:colcon.colcon_core.shell:Creating prefix util module '/home/marc/Programming/robotics-prototype/robot/rospackages/install/_local_setup_util_sh.py'
[1.361s] INFO:colcon.colcon_core.shell:Creating prefix chain script '/home/marc/Programming/robotics-prototype/robot/rospackages/install/setup.sh'
[1.363s] INFO:colcon.colcon_core.shell:Creating prefix script '/home/marc/Programming/robotics-prototype/robot/rospackages/install/local_setup.bash'
[1.364s] INFO:colcon.colcon_core.shell:Creating prefix chain script '/home/marc/Programming/robotics-prototype/robot/rospackages/install/setup.bash'
[1.366s] INFO:colcon.colcon_core.shell:Creating prefix script '/home/marc/Programming/robotics-prototype/robot/rospackages/install/local_setup.zsh'
[1.366s] INFO:colcon.colcon_core.shell:Creating prefix chain script '/home/marc/Programming/robotics-prototype/robot/rospackages/install/setup.zsh'
