[0.287s] DEBUG:colcon:Command line arguments: ['/usr/bin/colcon', 'build']
[0.287s] DEBUG:colcon:Parsed command line arguments: Namespace(log_base=None, log_level=None, verb_name='build', build_base='build', install_base='install', merge_install=False, symlink_install=False, test_result_base=None, continue_on_error=False, executor='parallel', parallel_workers=16, event_handlers=None, ignore_user_meta=False, metas=['./colcon.meta'], base_paths=['.'], packages_ignore=None, packages_ignore_regex=None, paths=None, packages_up_to=None, packages_up_to_regex=None, packages_above=None, packages_above_and_dependencies=None, packages_above_depth=None, packages_select_by_dep=None, packages_skip_by_dep=None, packages_skip_up_to=None, packages_select_build_failed=False, packages_skip_build_finished=False, packages_select_test_failures=False, packages_skip_test_passed=False, packages_select=None, packages_skip=None, packages_select_regex=None, packages_skip_regex=None, packages_start=None, packages_end=None, allow_overriding=[], cmake_args=None, cmake_target=None, cmake_target_skip_unavailable=False, cmake_clean_cache=False, cmake_clean_first=False, cmake_force_configure=False, ament_cmake_args=None, catkin_cmake_args=None, catkin_skip_building_tests=False, verb_parser=<colcon_defaults.argument_parser.defaults.DefaultArgumentsDecorator object at 0x7ff9cc372ce0>, verb_extension=<colcon_core.verb.build.BuildVerb object at 0x7ff9cc52f880>, main=<bound method BuildVerb.main of <colcon_core.verb.build.BuildVerb object at 0x7ff9cc52f880>>)
[0.304s] Level 1:colcon.colcon_core.package_discovery:discover_packages(colcon_meta) check parameters
[0.304s] Level 1:colcon.colcon_core.package_discovery:discover_packages(recursive) check parameters
[0.304s] Level 1:colcon.colcon_core.package_discovery:discover_packages(ignore) check parameters
[0.304s] Level 1:colcon.colcon_core.package_discovery:discover_packages(path) check parameters
[0.304s] Level 1:colcon.colcon_core.package_discovery:discover_packages(colcon_meta) discover
[0.305s] Level 1:colcon.colcon_core.package_discovery:discover_packages(recursive) discover
[0.305s] INFO:colcon.colcon_core.package_discovery:Crawling recursively for packages in '/home/marc/Programming/robotics-prototype/robot/rospackages'
[0.305s] Level 1:colcon.colcon_core.package_identification:_identify(.) by extensions ['ignore', 'ignore_ament_install']
[0.305s] Level 1:colcon.colcon_core.package_identification:_identify(.) by extension 'ignore'
[0.305s] Level 1:colcon.colcon_core.package_identification:_identify(.) by extension 'ignore_ament_install'
[0.305s] Level 1:colcon.colcon_core.package_identification:_identify(.) by extensions ['colcon_pkg']
[0.305s] Level 1:colcon.colcon_core.package_identification:_identify(.) by extension 'colcon_pkg'
[0.305s] Level 1:colcon.colcon_core.package_identification:_identify(.) by extensions ['colcon_meta']
[0.305s] Level 1:colcon.colcon_core.package_identification:_identify(.) by extension 'colcon_meta'
[0.305s] Level 1:colcon.colcon_core.package_identification:_identify(.) by extensions ['ros']
[0.305s] Level 1:colcon.colcon_core.package_identification:_identify(.) by extension 'ros'
[0.326s] Level 1:colcon.colcon_core.package_identification:_identify(.) by extensions ['cmake', 'python']
[0.326s] Level 1:colcon.colcon_core.package_identification:_identify(.) by extension 'cmake'
[0.326s] Level 1:colcon.colcon_core.package_identification:_identify(.) by extension 'python'
[0.326s] Level 1:colcon.colcon_core.package_identification:_identify(.) by extensions ['python_setup_py']
[0.326s] Level 1:colcon.colcon_core.package_identification:_identify(.) by extension 'python_setup_py'
[0.326s] Level 1:colcon.colcon_core.package_identification:_identify(build) by extensions ['ignore', 'ignore_ament_install']
[0.326s] Level 1:colcon.colcon_core.package_identification:_identify(build) by extension 'ignore'
[0.326s] Level 1:colcon.colcon_core.package_identification:_identify(build) ignored
[0.326s] Level 1:colcon.colcon_core.package_identification:_identify(install) by extensions ['ignore', 'ignore_ament_install']
[0.326s] Level 1:colcon.colcon_core.package_identification:_identify(install) by extension 'ignore'
[0.326s] Level 1:colcon.colcon_core.package_identification:_identify(install) ignored
[0.327s] Level 1:colcon.colcon_core.package_identification:_identify(log) by extensions ['ignore', 'ignore_ament_install']
[0.327s] Level 1:colcon.colcon_core.package_identification:_identify(log) by extension 'ignore'
[0.327s] Level 1:colcon.colcon_core.package_identification:_identify(log) ignored
[0.327s] Level 1:colcon.colcon_core.package_identification:_identify(src) by extensions ['ignore', 'ignore_ament_install']
[0.327s] Level 1:colcon.colcon_core.package_identification:_identify(src) by extension 'ignore'
[0.327s] Level 1:colcon.colcon_core.package_identification:_identify(src) by extension 'ignore_ament_install'
[0.327s] Level 1:colcon.colcon_core.package_identification:_identify(src) by extensions ['colcon_pkg']
[0.327s] Level 1:colcon.colcon_core.package_identification:_identify(src) by extension 'colcon_pkg'
[0.327s] Level 1:colcon.colcon_core.package_identification:_identify(src) by extensions ['colcon_meta']
[0.327s] Level 1:colcon.colcon_core.package_identification:_identify(src) by extension 'colcon_meta'
[0.327s] Level 1:colcon.colcon_core.package_identification:_identify(src) by extensions ['ros']
[0.327s] Level 1:colcon.colcon_core.package_identification:_identify(src) by extension 'ros'
[0.327s] Level 1:colcon.colcon_core.package_identification:_identify(src) by extensions ['cmake', 'python']
[0.327s] Level 1:colcon.colcon_core.package_identification:_identify(src) by extension 'cmake'
[0.327s] Level 1:colcon.colcon_core.package_identification:_identify(src) by extension 'python'
[0.327s] Level 1:colcon.colcon_core.package_identification:_identify(src) by extensions ['python_setup_py']
[0.327s] Level 1:colcon.colcon_core.package_identification:_identify(src) by extension 'python_setup_py'
[0.327s] Level 1:colcon.colcon_core.package_identification:_identify(src/joy_control) by extensions ['ignore', 'ignore_ament_install']
[0.327s] Level 1:colcon.colcon_core.package_identification:_identify(src/joy_control) by extension 'ignore'
[0.327s] Level 1:colcon.colcon_core.package_identification:_identify(src/joy_control) by extension 'ignore_ament_install'
[0.328s] Level 1:colcon.colcon_core.package_identification:_identify(src/joy_control) by extensions ['colcon_pkg']
[0.328s] Level 1:colcon.colcon_core.package_identification:_identify(src/joy_control) by extension 'colcon_pkg'
[0.328s] Level 1:colcon.colcon_core.package_identification:_identify(src/joy_control) by extensions ['colcon_meta']
[0.328s] Level 1:colcon.colcon_core.package_identification:_identify(src/joy_control) by extension 'colcon_meta'
[0.328s] Level 1:colcon.colcon_core.package_identification:_identify(src/joy_control) by extensions ['ros']
[0.328s] Level 1:colcon.colcon_core.package_identification:_identify(src/joy_control) by extension 'ros'
[0.330s] DEBUG:colcon.colcon_core.package_identification:Package 'src/joy_control' with type 'ros.ament_cmake' and name 'joy_control'
[0.330s] Level 1:colcon.colcon_core.package_identification:_identify(src/mcu_control_python) by extensions ['ignore', 'ignore_ament_install']
[0.330s] Level 1:colcon.colcon_core.package_identification:_identify(src/mcu_control_python) by extension 'ignore'
[0.330s] Level 1:colcon.colcon_core.package_identification:_identify(src/mcu_control_python) by extension 'ignore_ament_install'
[0.330s] Level 1:colcon.colcon_core.package_identification:_identify(src/mcu_control_python) by extensions ['colcon_pkg']
[0.330s] Level 1:colcon.colcon_core.package_identification:_identify(src/mcu_control_python) by extension 'colcon_pkg'
[0.330s] Level 1:colcon.colcon_core.package_identification:_identify(src/mcu_control_python) by extensions ['colcon_meta']
[0.330s] Level 1:colcon.colcon_core.package_identification:_identify(src/mcu_control_python) by extension 'colcon_meta'
[0.330s] Level 1:colcon.colcon_core.package_identification:_identify(src/mcu_control_python) by extensions ['ros']
[0.331s] Level 1:colcon.colcon_core.package_identification:_identify(src/mcu_control_python) by extension 'ros'
[0.331s] DEBUG:colcon.colcon_core.package_identification:Package 'src/mcu_control_python' with type 'ros.ament_python' and name 'mcu_control_python'
[0.331s] Level 1:colcon.colcon_core.package_discovery:discover_packages(recursive) using defaults
[0.331s] Level 1:colcon.colcon_core.package_discovery:discover_packages(ignore) discover
[0.331s] Level 1:colcon.colcon_core.package_discovery:discover_packages(ignore) using defaults
[0.331s] Level 1:colcon.colcon_core.package_discovery:discover_packages(path) discover
[0.331s] Level 1:colcon.colcon_core.package_discovery:discover_packages(path) using defaults
[0.352s] Level 1:colcon.colcon_core.package_discovery:discover_packages(prefix_path) check parameters
[0.352s] Level 1:colcon.colcon_core.package_discovery:discover_packages(prefix_path) discover
[0.354s] DEBUG:colcon.colcon_installed_package_information.package_discovery:Found 2 installed packages in /home/marc/Programming/robotics-prototype/robot/rospackages/install
[0.355s] DEBUG:colcon.colcon_installed_package_information.package_discovery:Found 270 installed packages in /opt/ros/humble
[0.356s] Level 1:colcon.colcon_core.package_discovery:discover_packages(prefix_path) using defaults
[0.404s] Level 5:colcon.colcon_core.verb:set package 'joy_control' build argument 'cmake_args' from command line to 'None'
[0.404s] Level 5:colcon.colcon_core.verb:set package 'joy_control' build argument 'cmake_target' from command line to 'None'
[0.404s] Level 5:colcon.colcon_core.verb:set package 'joy_control' build argument 'cmake_target_skip_unavailable' from command line to 'False'
[0.404s] Level 5:colcon.colcon_core.verb:set package 'joy_control' build argument 'cmake_clean_cache' from command line to 'False'
[0.405s] Level 5:colcon.colcon_core.verb:set package 'joy_control' build argument 'cmake_clean_first' from command line to 'False'
[0.405s] Level 5:colcon.colcon_core.verb:set package 'joy_control' build argument 'cmake_force_configure' from command line to 'False'
[0.405s] Level 5:colcon.colcon_core.verb:set package 'joy_control' build argument 'ament_cmake_args' from command line to 'None'
[0.405s] Level 5:colcon.colcon_core.verb:set package 'joy_control' build argument 'catkin_cmake_args' from command line to 'None'
[0.405s] Level 5:colcon.colcon_core.verb:set package 'joy_control' build argument 'catkin_skip_building_tests' from command line to 'False'
[0.405s] DEBUG:colcon.colcon_core.verb:Building package 'joy_control' with the following arguments: {'ament_cmake_args': None, 'build_base': '/home/marc/Programming/robotics-prototype/robot/rospackages/build/joy_control', 'catkin_cmake_args': None, 'catkin_skip_building_tests': False, 'cmake_args': None, 'cmake_clean_cache': False, 'cmake_clean_first': False, 'cmake_force_configure': False, 'cmake_target': None, 'cmake_target_skip_unavailable': False, 'install_base': '/home/marc/Programming/robotics-prototype/robot/rospackages/install/joy_control', 'merge_install': False, 'path': '/home/marc/Programming/robotics-prototype/robot/rospackages/src/joy_control', 'symlink_install': False, 'test_result_base': None}
[0.405s] Level 5:colcon.colcon_core.verb:set package 'mcu_control_python' build argument 'cmake_args' from command line to 'None'
[0.405s] Level 5:colcon.colcon_core.verb:set package 'mcu_control_python' build argument 'cmake_target' from command line to 'None'
[0.406s] Level 5:colcon.colcon_core.verb:set package 'mcu_control_python' build argument 'cmake_target_skip_unavailable' from command line to 'False'
[0.406s] Level 5:colcon.colcon_core.verb:set package 'mcu_control_python' build argument 'cmake_clean_cache' from command line to 'False'
[0.406s] Level 5:colcon.colcon_core.verb:set package 'mcu_control_python' build argument 'cmake_clean_first' from command line to 'False'
[0.406s] Level 5:colcon.colcon_core.verb:set package 'mcu_control_python' build argument 'cmake_force_configure' from command line to 'False'
[0.406s] Level 5:colcon.colcon_core.verb:set package 'mcu_control_python' build argument 'ament_cmake_args' from command line to 'None'
[0.406s] Level 5:colcon.colcon_core.verb:set package 'mcu_control_python' build argument 'catkin_cmake_args' from command line to 'None'
[0.406s] Level 5:colcon.colcon_core.verb:set package 'mcu_control_python' build argument 'catkin_skip_building_tests' from command line to 'False'
[0.406s] DEBUG:colcon.colcon_core.verb:Building package 'mcu_control_python' with the following arguments: {'ament_cmake_args': None, 'build_base': '/home/marc/Programming/robotics-prototype/robot/rospackages/build/mcu_control_python', 'catkin_cmake_args': None, 'catkin_skip_building_tests': False, 'cmake_args': None, 'cmake_clean_cache': False, 'cmake_clean_first': False, 'cmake_force_configure': False, 'cmake_target': None, 'cmake_target_skip_unavailable': False, 'install_base': '/home/marc/Programming/robotics-prototype/robot/rospackages/install/mcu_control_python', 'merge_install': False, 'path': '/home/marc/Programming/robotics-prototype/robot/rospackages/src/mcu_control_python', 'symlink_install': False, 'test_result_base': None}
[0.406s] INFO:colcon.colcon_core.executor:Executing jobs using 'parallel' executor
[0.410s] DEBUG:colcon.colcon_parallel_executor.executor.parallel:run_until_complete
[0.410s] INFO:colcon.colcon_ros.task.ament_cmake.build:Building ROS package in '/home/marc/Programming/robotics-prototype/robot/rospackages/src/joy_control' with build type 'ament_cmake'
[0.410s] INFO:colcon.colcon_cmake.task.cmake.build:Building CMake package in '/home/marc/Programming/robotics-prototype/robot/rospackages/src/joy_control'
[0.414s] INFO:colcon.colcon_core.plugin_system:Skipping extension 'colcon_core.shell.bat': Not used on non-Windows systems
[0.414s] INFO:colcon.colcon_core.shell:Skip shell extension 'powershell' for command environment: Not usable outside of PowerShell
[0.414s] DEBUG:colcon.colcon_core.shell:Skip shell extension 'dsv' for command environment
[0.419s] INFO:colcon.colcon_ros.task.ament_python.build:Building ROS package in '/home/marc/Programming/robotics-prototype/robot/rospackages/src/mcu_control_python' with build type 'ament_python'
[0.419s] Level 1:colcon.colcon_core.shell:create_environment_hook('mcu_control_python', 'ament_prefix_path')
[0.420s] INFO:colcon.colcon_core.shell:Creating environment hook '/home/marc/Programming/robotics-prototype/robot/rospackages/install/mcu_control_python/share/mcu_control_python/hook/ament_prefix_path.ps1'
[0.422s] INFO:colcon.colcon_core.shell:Creating environment descriptor '/home/marc/Programming/robotics-prototype/robot/rospackages/install/mcu_control_python/share/mcu_control_python/hook/ament_prefix_path.dsv'
[0.423s] INFO:colcon.colcon_core.shell:Creating environment hook '/home/marc/Programming/robotics-prototype/robot/rospackages/install/mcu_control_python/share/mcu_control_python/hook/ament_prefix_path.sh'
[0.425s] INFO:colcon.colcon_core.shell:Skip shell extension 'powershell' for command environment: Not usable outside of PowerShell
[0.425s] DEBUG:colcon.colcon_core.shell:Skip shell extension 'dsv' for command environment
[0.439s] DEBUG:colcon.colcon_core.event_handler.log_command:Invoking command in '/home/marc/Programming/robotics-prototype/robot/rospackages/build/joy_control': CMAKE_PREFIX_PATH=${CMAKE_PREFIX_PATH}:/home/marc/Programming/robotics-prototype/robot/rospackages/install/mcu_control_python:/opt/ros/humble VIRTUAL_ENV_PROMPT=(venv) /usr/bin/cmake --build /home/marc/Programming/robotics-prototype/robot/rospackages/build/joy_control -- -j16 -l16
[0.768s] INFO:colcon.colcon_core.task.python.build:Building Python package in '/home/marc/Programming/robotics-prototype/robot/rospackages/src/mcu_control_python'
[0.769s] INFO:colcon.colcon_core.shell:Skip shell extension 'powershell' for command environment: Not usable outside of PowerShell
[0.769s] DEBUG:colcon.colcon_core.shell:Skip shell extension 'dsv' for command environment
[0.778s] DEBUG:colcon.colcon_core.event_handler.log_command:Invoked command in '/home/marc/Programming/robotics-prototype/robot/rospackages/build/joy_control' returned '0': CMAKE_PREFIX_PATH=${CMAKE_PREFIX_PATH}:/home/marc/Programming/robotics-prototype/robot/rospackages/install/mcu_control_python:/opt/ros/humble VIRTUAL_ENV_PROMPT=(venv) /usr/bin/cmake --build /home/marc/Programming/robotics-prototype/robot/rospackages/build/joy_control -- -j16 -l16
[0.815s] DEBUG:colcon.colcon_core.event_handler.log_command:Invoking command in '/home/marc/Programming/robotics-prototype/robot/rospackages/build/joy_control': CMAKE_PREFIX_PATH=${CMAKE_PREFIX_PATH}:/home/marc/Programming/robotics-prototype/robot/rospackages/install/mcu_control_python:/opt/ros/humble VIRTUAL_ENV_PROMPT=(venv) /usr/bin/cmake --install /home/marc/Programming/robotics-prototype/robot/rospackages/build/joy_control
[0.830s] Level 1:colcon.colcon_core.environment:create_environment_scripts_only(joy_control)
[0.836s] DEBUG:colcon.colcon_core.event_handler.log_command:Invoked command in '/home/marc/Programming/robotics-prototype/robot/rospackages/build/joy_control' returned '0': CMAKE_PREFIX_PATH=${CMAKE_PREFIX_PATH}:/home/marc/Programming/robotics-prototype/robot/rospackages/install/mcu_control_python:/opt/ros/humble VIRTUAL_ENV_PROMPT=(venv) /usr/bin/cmake --install /home/marc/Programming/robotics-prototype/robot/rospackages/build/joy_control
[0.839s] Level 1:colcon.colcon_core.environment:checking '/home/marc/Programming/robotics-prototype/robot/rospackages/install/joy_control' for CMake module files
[0.840s] Level 1:colcon.colcon_core.environment:checking '/home/marc/Programming/robotics-prototype/robot/rospackages/install/joy_control' for CMake config files
[0.840s] Level 1:colcon.colcon_core.shell:create_environment_hook('joy_control', 'cmake_prefix_path')
[0.843s] INFO:colcon.colcon_core.shell:Creating environment hook '/home/marc/Programming/robotics-prototype/robot/rospackages/install/joy_control/share/joy_control/hook/cmake_prefix_path.ps1'
[0.844s] INFO:colcon.colcon_core.shell:Creating environment descriptor '/home/marc/Programming/robotics-prototype/robot/rospackages/install/joy_control/share/joy_control/hook/cmake_prefix_path.dsv'
[0.845s] INFO:colcon.colcon_core.shell:Creating environment hook '/home/marc/Programming/robotics-prototype/robot/rospackages/install/joy_control/share/joy_control/hook/cmake_prefix_path.sh'
[0.846s] Level 1:colcon.colcon_core.environment:checking '/home/marc/Programming/robotics-prototype/robot/rospackages/install/joy_control/lib'
[0.846s] Level 1:colcon.colcon_core.environment:checking '/home/marc/Programming/robotics-prototype/robot/rospackages/install/joy_control/bin'
[0.847s] Level 1:colcon.colcon_core.environment:checking '/home/marc/Programming/robotics-prototype/robot/rospackages/install/joy_control/lib/pkgconfig/joy_control.pc'
[0.847s] Level 1:colcon.colcon_core.environment:checking '/home/marc/Programming/robotics-prototype/robot/rospackages/install/joy_control/lib/python3.10/site-packages'
[0.847s] Level 1:colcon.colcon_core.environment:checking '/home/marc/Programming/robotics-prototype/robot/rospackages/install/joy_control/bin'
[0.850s] INFO:colcon.colcon_core.shell:Creating package script '/home/marc/Programming/robotics-prototype/robot/rospackages/install/joy_control/share/joy_control/package.ps1'
[0.852s] INFO:colcon.colcon_core.shell:Creating package descriptor '/home/marc/Programming/robotics-prototype/robot/rospackages/install/joy_control/share/joy_control/package.dsv'
[0.853s] INFO:colcon.colcon_core.shell:Creating package script '/home/marc/Programming/robotics-prototype/robot/rospackages/install/joy_control/share/joy_control/package.sh'
[0.854s] INFO:colcon.colcon_core.shell:Creating package script '/home/marc/Programming/robotics-prototype/robot/rospackages/install/joy_control/share/joy_control/package.bash'
[0.856s] INFO:colcon.colcon_core.shell:Creating package script '/home/marc/Programming/robotics-prototype/robot/rospackages/install/joy_control/share/joy_control/package.zsh'
[0.858s] Level 1:colcon.colcon_core.environment:create_file_with_runtime_dependencies(/home/marc/Programming/robotics-prototype/robot/rospackages/install/joy_control/share/colcon-core/packages/joy_control)
[0.893s] Level 1:colcon.colcon_core.environment:create_environment_scripts_only(joy_control)
[0.895s] Level 1:colcon.colcon_core.environment:checking '/home/marc/Programming/robotics-prototype/robot/rospackages/install/joy_control' for CMake module files
[0.896s] Level 1:colcon.colcon_core.environment:checking '/home/marc/Programming/robotics-prototype/robot/rospackages/install/joy_control' for CMake config files
[0.897s] Level 1:colcon.colcon_core.shell:create_environment_hook('joy_control', 'cmake_prefix_path')
[0.899s] INFO:colcon.colcon_core.shell:Creating environment hook '/home/marc/Programming/robotics-prototype/robot/rospackages/install/joy_control/share/joy_control/hook/cmake_prefix_path.ps1'
[0.899s] INFO:colcon.colcon_core.shell:Creating environment descriptor '/home/marc/Programming/robotics-prototype/robot/rospackages/install/joy_control/share/joy_control/hook/cmake_prefix_path.dsv'
[0.900s] INFO:colcon.colcon_core.shell:Creating environment hook '/home/marc/Programming/robotics-prototype/robot/rospackages/install/joy_control/share/joy_control/hook/cmake_prefix_path.sh'
[0.901s] Level 1:colcon.colcon_core.environment:checking '/home/marc/Programming/robotics-prototype/robot/rospackages/install/joy_control/lib'
[0.901s] Level 1:colcon.colcon_core.environment:checking '/home/marc/Programming/robotics-prototype/robot/rospackages/install/joy_control/bin'
[0.901s] Level 1:colcon.colcon_core.environment:checking '/home/marc/Programming/robotics-prototype/robot/rospackages/install/joy_control/lib/pkgconfig/joy_control.pc'
[0.902s] Level 1:colcon.colcon_core.environment:checking '/home/marc/Programming/robotics-prototype/robot/rospackages/install/joy_control/lib/python3.10/site-packages'
[0.902s] Level 1:colcon.colcon_core.environment:checking '/home/marc/Programming/robotics-prototype/robot/rospackages/install/joy_control/bin'
[0.904s] INFO:colcon.colcon_core.shell:Creating package script '/home/marc/Programming/robotics-prototype/robot/rospackages/install/joy_control/share/joy_control/package.ps1'
[0.905s] INFO:colcon.colcon_core.shell:Creating package descriptor '/home/marc/Programming/robotics-prototype/robot/rospackages/install/joy_control/share/joy_control/package.dsv'
[0.906s] INFO:colcon.colcon_core.shell:Creating package script '/home/marc/Programming/robotics-prototype/robot/rospackages/install/joy_control/share/joy_control/package.sh'
[0.907s] INFO:colcon.colcon_core.shell:Creating package script '/home/marc/Programming/robotics-prototype/robot/rospackages/install/joy_control/share/joy_control/package.bash'
[0.907s] INFO:colcon.colcon_core.shell:Creating package script '/home/marc/Programming/robotics-prototype/robot/rospackages/install/joy_control/share/joy_control/package.zsh'
[0.908s] Level 1:colcon.colcon_core.environment:create_file_with_runtime_dependencies(/home/marc/Programming/robotics-prototype/robot/rospackages/install/joy_control/share/colcon-core/packages/joy_control)
[1.217s] DEBUG:colcon.colcon_core.event_handler.log_command:Invoking command in '/home/marc/Programming/robotics-prototype/robot/rospackages/src/mcu_control_python': PYTHONPATH=/home/marc/Programming/robotics-prototype/robot/rospackages/build/mcu_control_python/prefix_override:/home/marc/Programming/robotics-prototype/robot/rospackages/install/mcu_control_python/lib/python3.10/site-packages:${PYTHONPATH} VIRTUAL_ENV_PROMPT=(venv) /usr/bin/python3 setup.py egg_info --egg-base ../../build/mcu_control_python build --build-base /home/marc/Programming/robotics-prototype/robot/rospackages/build/mcu_control_python/build install --record /home/marc/Programming/robotics-prototype/robot/rospackages/build/mcu_control_python/install.log --install-scripts $base/lib/mcu_control_python --single-version-externally-managed
[1.539s] Level 1:colcon.colcon_core.environment:checking '/home/marc/Programming/robotics-prototype/robot/rospackages/install/mcu_control_python' for CMake module files
[1.540s] DEBUG:colcon.colcon_core.event_handler.log_command:Invoked command in '/home/marc/Programming/robotics-prototype/robot/rospackages/src/mcu_control_python' returned '0': PYTHONPATH=/home/marc/Programming/robotics-prototype/robot/rospackages/build/mcu_control_python/prefix_override:/home/marc/Programming/robotics-prototype/robot/rospackages/install/mcu_control_python/lib/python3.10/site-packages:${PYTHONPATH} VIRTUAL_ENV_PROMPT=(venv) /usr/bin/python3 setup.py egg_info --egg-base ../../build/mcu_control_python build --build-base /home/marc/Programming/robotics-prototype/robot/rospackages/build/mcu_control_python/build install --record /home/marc/Programming/robotics-prototype/robot/rospackages/build/mcu_control_python/install.log --install-scripts $base/lib/mcu_control_python --single-version-externally-managed
[1.541s] Level 1:colcon.colcon_core.environment:checking '/home/marc/Programming/robotics-prototype/robot/rospackages/install/mcu_control_python' for CMake config files
[1.542s] Level 1:colcon.colcon_core.environment:checking '/home/marc/Programming/robotics-prototype/robot/rospackages/install/mcu_control_python/lib'
[1.542s] Level 1:colcon.colcon_core.environment:checking '/home/marc/Programming/robotics-prototype/robot/rospackages/install/mcu_control_python/bin'
[1.542s] Level 1:colcon.colcon_core.environment:checking '/home/marc/Programming/robotics-prototype/robot/rospackages/install/mcu_control_python/lib/pkgconfig/mcu_control_python.pc'
[1.543s] Level 1:colcon.colcon_core.environment:checking '/home/marc/Programming/robotics-prototype/robot/rospackages/install/mcu_control_python/lib/python3.10/site-packages'
[1.543s] Level 1:colcon.colcon_core.shell:create_environment_hook('mcu_control_python', 'pythonpath')
[1.545s] INFO:colcon.colcon_core.shell:Creating environment hook '/home/marc/Programming/robotics-prototype/robot/rospackages/install/mcu_control_python/share/mcu_control_python/hook/pythonpath.ps1'
[1.546s] INFO:colcon.colcon_core.shell:Creating environment descriptor '/home/marc/Programming/robotics-prototype/robot/rospackages/install/mcu_control_python/share/mcu_control_python/hook/pythonpath.dsv'
[1.547s] INFO:colcon.colcon_core.shell:Creating environment hook '/home/marc/Programming/robotics-prototype/robot/rospackages/install/mcu_control_python/share/mcu_control_python/hook/pythonpath.sh'
[1.548s] Level 1:colcon.colcon_core.environment:checking '/home/marc/Programming/robotics-prototype/robot/rospackages/install/mcu_control_python/bin'
[1.548s] Level 1:colcon.colcon_core.environment:create_environment_scripts_only(mcu_control_python)
[1.551s] INFO:colcon.colcon_core.shell:Creating package script '/home/marc/Programming/robotics-prototype/robot/rospackages/install/mcu_control_python/share/mcu_control_python/package.ps1'
[1.552s] INFO:colcon.colcon_core.shell:Creating package descriptor '/home/marc/Programming/robotics-prototype/robot/rospackages/install/mcu_control_python/share/mcu_control_python/package.dsv'
[1.553s] INFO:colcon.colcon_core.shell:Creating package script '/home/marc/Programming/robotics-prototype/robot/rospackages/install/mcu_control_python/share/mcu_control_python/package.sh'
[1.554s] INFO:colcon.colcon_core.shell:Creating package script '/home/marc/Programming/robotics-prototype/robot/rospackages/install/mcu_control_python/share/mcu_control_python/package.bash'
[1.554s] INFO:colcon.colcon_core.shell:Creating package script '/home/marc/Programming/robotics-prototype/robot/rospackages/install/mcu_control_python/share/mcu_control_python/package.zsh'
[1.555s] Level 1:colcon.colcon_core.environment:create_file_with_runtime_dependencies(/home/marc/Programming/robotics-prototype/robot/rospackages/install/mcu_control_python/share/colcon-core/packages/mcu_control_python)
[1.555s] DEBUG:colcon.colcon_parallel_executor.executor.parallel:closing loop
[1.556s] DEBUG:colcon.colcon_parallel_executor.executor.parallel:loop closed
[1.556s] DEBUG:colcon.colcon_parallel_executor.executor.parallel:run_until_complete finished with '0'
[1.556s] DEBUG:colcon.colcon_core.event_reactor:joining thread
[1.565s] INFO:colcon.colcon_core.plugin_system:Skipping extension 'colcon_notification.desktop_notification.terminal_notifier': Not used on non-Darwin systems
[1.565s] INFO:colcon.colcon_core.plugin_system:Skipping extension 'colcon_notification.desktop_notification.win32': Not used on non-Windows systems
[1.565s] INFO:colcon.colcon_notification.desktop_notification:Sending desktop notification using 'notify2'
[1.582s] DEBUG:colcon.colcon_core.event_reactor:joined thread
[1.584s] INFO:colcon.colcon_core.shell:Creating prefix script '/home/marc/Programming/robotics-prototype/robot/rospackages/install/local_setup.ps1'
[1.586s] INFO:colcon.colcon_core.shell:Creating prefix util module '/home/marc/Programming/robotics-prototype/robot/rospackages/install/_local_setup_util_ps1.py'
[1.588s] INFO:colcon.colcon_core.shell:Creating prefix chain script '/home/marc/Programming/robotics-prototype/robot/rospackages/install/setup.ps1'
[1.590s] INFO:colcon.colcon_core.shell:Creating prefix script '/home/marc/Programming/robotics-prototype/robot/rospackages/install/local_setup.sh'
[1.591s] INFO:colcon.colcon_core.shell:Creating prefix util module '/home/marc/Programming/robotics-prototype/robot/rospackages/install/_local_setup_util_sh.py'
[1.591s] INFO:colcon.colcon_core.shell:Creating prefix chain script '/home/marc/Programming/robotics-prototype/robot/rospackages/install/setup.sh'
[1.594s] INFO:colcon.colcon_core.shell:Creating prefix script '/home/marc/Programming/robotics-prototype/robot/rospackages/install/local_setup.bash'
[1.594s] INFO:colcon.colcon_core.shell:Creating prefix chain script '/home/marc/Programming/robotics-prototype/robot/rospackages/install/setup.bash'
[1.597s] INFO:colcon.colcon_core.shell:Creating prefix script '/home/marc/Programming/robotics-prototype/robot/rospackages/install/local_setup.zsh'
[1.597s] INFO:colcon.colcon_core.shell:Creating prefix chain script '/home/marc/Programming/robotics-prototype/robot/rospackages/install/setup.zsh'
