[0.018s] Invoking command in '/home/marc/Programming/robotics-prototype/robot/rospackages/build/joy_control': CMAKE_PREFIX_PATH=${CMAKE_PREFIX_PATH}:/home/marc/Programming/robotics-prototype/robot/rospackages/install/mcu_control_python:/opt/ros/humble PS1=(venv) \[\e]0;\u@\h: \w\a\]${debian_chroot:+($debian_chroot)}\[\033[01;32m\]\u@\h\[\033[00m\]:\[\033[01;34m\]\w\[\033[00m\]\$ VIRTUAL_ENV_PROMPT=(venv) /usr/bin/cmake --build /home/marc/Programming/robotics-prototype/robot/rospackages/build/joy_control -- -j16 -l16
[0.062s] [100%] Built target joy_comms_control_node
[0.201s] Invoked command in '/home/marc/Programming/robotics-prototype/robot/rospackages/build/joy_control' returned '0': CMAKE_PREFIX_PATH=${CMAKE_PREFIX_PATH}:/home/marc/Programming/robotics-prototype/robot/rospackages/install/mcu_control_python:/opt/ros/humble PS1=(venv) \[\e]0;\u@\h: \w\a\]${debian_chroot:+($debian_chroot)}\[\033[01;32m\]\u@\h\[\033[00m\]:\[\033[01;34m\]\w\[\033[00m\]\$ VIRTUAL_ENV_PROMPT=(venv) /usr/bin/cmake --build /home/marc/Programming/robotics-prototype/robot/rospackages/build/joy_control -- -j16 -l16
[0.229s] Invoking command in '/home/marc/Programming/robotics-prototype/robot/rospackages/build/joy_control': CMAKE_PREFIX_PATH=${CMAKE_PREFIX_PATH}:/home/marc/Programming/robotics-prototype/robot/rospackages/install/mcu_control_python:/opt/ros/humble PS1=(venv) \[\e]0;\u@\h: \w\a\]${debian_chroot:+($debian_chroot)}\[\033[01;32m\]\u@\h\[\033[00m\]:\[\033[01;34m\]\w\[\033[00m\]\$ VIRTUAL_ENV_PROMPT=(venv) /usr/bin/cmake --install /home/marc/Programming/robotics-prototype/robot/rospackages/build/joy_control
[0.235s] -- Install configuration: ""
[0.236s] -- Up-to-date: /home/marc/Programming/robotics-prototype/robot/rospackages/install/joy_control/lib/joy_control/joy_comms_control_node
[0.236s] -- Up-to-date: /home/marc/Programming/robotics-prototype/robot/rospackages/install/joy_control/share/joy_control
[0.236s] -- Up-to-date: /home/marc/Programming/robotics-prototype/robot/rospackages/install/joy_control/share/joy_control/joy_comms_config.yaml
[0.236s] -- Up-to-date: /home/marc/Programming/robotics-prototype/robot/rospackages/install/joy_control/share/joy_control
[0.236s] -- Up-to-date: /home/marc/Programming/robotics-prototype/robot/rospackages/install/joy_control/share/joy_control/joy_comms_manual.xml
[0.236s] -- Up-to-date: /home/marc/Programming/robotics-prototype/robot/rospackages/install/joy_control/share/ament_index/resource_index/package_run_dependencies/joy_control
[0.236s] -- Up-to-date: /home/marc/Programming/robotics-prototype/robot/rospackages/install/joy_control/share/ament_index/resource_index/parent_prefix_path/joy_control
[0.236s] -- Up-to-date: /home/marc/Programming/robotics-prototype/robot/rospackages/install/joy_control/share/joy_control/environment/ament_prefix_path.sh
[0.236s] -- Up-to-date: /home/marc/Programming/robotics-prototype/robot/rospackages/install/joy_control/share/joy_control/environment/ament_prefix_path.dsv
[0.236s] -- Up-to-date: /home/marc/Programming/robotics-prototype/robot/rospackages/install/joy_control/share/joy_control/environment/path.sh
[0.236s] -- Up-to-date: /home/marc/Programming/robotics-prototype/robot/rospackages/install/joy_control/share/joy_control/environment/path.dsv
[0.236s] -- Up-to-date: /home/marc/Programming/robotics-prototype/robot/rospackages/install/joy_control/share/joy_control/local_setup.bash
[0.236s] -- Up-to-date: /home/marc/Programming/robotics-prototype/robot/rospackages/install/joy_control/share/joy_control/local_setup.sh
[0.236s] -- Up-to-date: /home/marc/Programming/robotics-prototype/robot/rospackages/install/joy_control/share/joy_control/local_setup.zsh
[0.236s] -- Up-to-date: /home/marc/Programming/robotics-prototype/robot/rospackages/install/joy_control/share/joy_control/local_setup.dsv
[0.236s] -- Installing: /home/marc/Programming/robotics-prototype/robot/rospackages/install/joy_control/share/joy_control/package.dsv
[0.236s] -- Up-to-date: /home/marc/Programming/robotics-prototype/robot/rospackages/install/joy_control/share/ament_index/resource_index/packages/joy_control
[0.237s] -- Up-to-date: /home/marc/Programming/robotics-prototype/robot/rospackages/install/joy_control/share/joy_control/cmake/joy_controlConfig.cmake
[0.237s] -- Up-to-date: /home/marc/Programming/robotics-prototype/robot/rospackages/install/joy_control/share/joy_control/cmake/joy_controlConfig-version.cmake
[0.237s] -- Up-to-date: /home/marc/Programming/robotics-prototype/robot/rospackages/install/joy_control/share/joy_control/package.xml
[0.239s] Invoked command in '/home/marc/Programming/robotics-prototype/robot/rospackages/build/joy_control' returned '0': CMAKE_PREFIX_PATH=${CMAKE_PREFIX_PATH}:/home/marc/Programming/robotics-prototype/robot/rospackages/install/mcu_control_python:/opt/ros/humble PS1=(venv) \[\e]0;\u@\h: \w\a\]${debian_chroot:+($debian_chroot)}\[\033[01;32m\]\u@\h\[\033[00m\]:\[\033[01;34m\]\w\[\033[00m\]\$ VIRTUAL_ENV_PROMPT=(venv) /usr/bin/cmake --install /home/marc/Programming/robotics-prototype/robot/rospackages/build/joy_control
