-- Found ament_cmake: 1.3.3 (/opt/ros/humble/share/ament_cmake/cmake)
-- Found rclcpp: 16.0.2 (/opt/ros/humble/share/rclcpp/cmake)
-- Found rosidl_generator_c: 3.1.4 (/opt/ros/humble/share/rosidl_generator_c/cmake)
-- Found rosidl_adapter: 3.1.4 (/opt/ros/humble/share/rosidl_adapter/cmake)
-- Found rosidl_generator_cpp: 3.1.4 (/opt/ros/humble/share/rosidl_generator_cpp/cmake)
-- Using all available rosidl_typesupport_c: rosidl_typesupport_fastrtps_c;rosidl_typesupport_introspection_c
-- Using all available rosidl_typesupport_cpp: rosidl_typesupport_fastrtps_cpp;rosidl_typesupport_introspection_cpp
-- Found rmw_implementation_cmake: 6.1.1 (/opt/ros/humble/share/rmw_implementation_cmake/cmake)
-- Found rmw_fastrtps_cpp: 6.2.2 (/opt/ros/humble/share/rmw_fastrtps_cpp/cmake)
-- Using RMW implementation 'rmw_fastrtps_cpp' as default
-- Found sensor_msgs: 4.2.2 (/opt/ros/humble/share/sensor_msgs/cmake)
-- Found Boost: /usr/lib/x86_64-linux-gnu/cmake/Boost-1.74.0/BoostConfig.cmake (found version "1.74.0") found components: system 
-- Found ament_lint_auto: 0.12.4 (/opt/ros/humble/share/ament_lint_auto/cmake)
-- Added test 'copyright' to check source files copyright and LICENSE
-- Added test 'cppcheck' to perform static code analysis on C / C++ code
-- Configured cppcheck include dirs: /home/marc/Programming/robotics-prototype/robot/rospackages/src/joy_control/include/joy_control
-- Configured cppcheck exclude dirs and/or files: 
-- Added test 'cpplint' to check C / C++ code against the Google style
-- Configured cpplint exclude dirs and/or files: 
-- Added test 'lint_cmake' to check CMake code style
-- Added test 'uncrustify' to check C / C++ code style
-- Configured uncrustify additional arguments: 
-- Added test 'xmllint' to check XML markup files
-- Configuring done
-- Generating done
-- Build files have been written to: /home/marc/Programming/robotics-prototype/robot/rospackages/build/joy_control
[ 50%] [32mBuilding CXX object CMakeFiles/joy_comms_control_node.dir/src/joy_comms_control.cpp.o[0m
[100%] [32m[1mLinking CXX executable joy_comms_control_node[0m
[100%] Built target joy_comms_control_node
-- Install configuration: ""
-- Installing: /home/marc/Programming/robotics-prototype/robot/rospackages/install/joy_control/lib/joy_control/joy_comms_control_node
-- Set runtime path of "/home/marc/Programming/robotics-prototype/robot/rospackages/install/joy_control/lib/joy_control/joy_comms_control_node" to ""
-- Up-to-date: /home/marc/Programming/robotics-prototype/robot/rospackages/install/joy_control/share/joy_control
-- Installing: /home/marc/Programming/robotics-prototype/robot/rospackages/install/joy_control/share/joy_control/joy_comms_config.yaml
-- Up-to-date: /home/marc/Programming/robotics-prototype/robot/rospackages/install/joy_control/share/joy_control
-- Installing: /home/marc/Programming/robotics-prototype/robot/rospackages/install/joy_control/share/joy_control/joy_comms_manual.xml
-- Installing: /home/marc/Programming/robotics-prototype/robot/rospackages/install/joy_control/share/ament_index/resource_index/package_run_dependencies/joy_control
-- Installing: /home/marc/Programming/robotics-prototype/robot/rospackages/install/joy_control/share/ament_index/resource_index/parent_prefix_path/joy_control
-- Installing: /home/marc/Programming/robotics-prototype/robot/rospackages/install/joy_control/share/joy_control/environment/ament_prefix_path.sh
-- Installing: /home/marc/Programming/robotics-prototype/robot/rospackages/install/joy_control/share/joy_control/environment/ament_prefix_path.dsv
-- Installing: /home/marc/Programming/robotics-prototype/robot/rospackages/install/joy_control/share/joy_control/environment/path.sh
-- Installing: /home/marc/Programming/robotics-prototype/robot/rospackages/install/joy_control/share/joy_control/environment/path.dsv
-- Installing: /home/marc/Programming/robotics-prototype/robot/rospackages/install/joy_control/share/joy_control/local_setup.bash
-- Installing: /home/marc/Programming/robotics-prototype/robot/rospackages/install/joy_control/share/joy_control/local_setup.sh
-- Installing: /home/marc/Programming/robotics-prototype/robot/rospackages/install/joy_control/share/joy_control/local_setup.zsh
-- Installing: /home/marc/Programming/robotics-prototype/robot/rospackages/install/joy_control/share/joy_control/local_setup.dsv
-- Installing: /home/marc/Programming/robotics-prototype/robot/rospackages/install/joy_control/share/joy_control/package.dsv
-- Installing: /home/marc/Programming/robotics-prototype/robot/rospackages/install/joy_control/share/ament_index/resource_index/packages/joy_control
-- Installing: /home/marc/Programming/robotics-prototype/robot/rospackages/install/joy_control/share/joy_control/cmake/joy_controlConfig.cmake
-- Installing: /home/marc/Programming/robotics-prototype/robot/rospackages/install/joy_control/share/joy_control/cmake/joy_controlConfig-version.cmake
-- Installing: /home/marc/Programming/robotics-prototype/robot/rospackages/install/joy_control/share/joy_control/package.xml
