[0.971s] Invoking command in '/home/marc/Programming/robotics-prototype/robot/rospackages/src/mcu_control_python': PYTHONPATH=/home/marc/Programming/robotics-prototype/robot/rospackages/build/mcu_control_python/prefix_override:/home/marc/Programming/robotics-prototype/robot/rospackages/install/mcu_control_python/lib/python3.10/site-packages:${PYTHONPATH} VIRTUAL_ENV_PROMPT=(venv) /usr/bin/python3 setup.py egg_info --egg-base ../../build/mcu_control_python build --build-base /home/marc/Programming/robotics-prototype/robot/rospackages/build/mcu_control_python/build install --record /home/marc/Programming/robotics-prototype/robot/rospackages/build/mcu_control_python/install.log --install-scripts $base/lib/mcu_control_python --single-version-externally-managed
[1.263s] /usr/lib/python3/dist-packages/setuptools/dist.py:723: UserWarning: Usage of dash-separated 'script-dir' will not be supported in future versions. Please use the underscore name 'script_dir' instead
[1.263s]   warnings.warn(
[1.272s] running egg_info
[1.273s] writing ../../build/mcu_control_python/mcu_control_python.egg-info/PKG-INFO
[1.273s] writing dependency_links to ../../build/mcu_control_python/mcu_control_python.egg-info/dependency_links.txt
[1.273s] writing entry points to ../../build/mcu_control_python/mcu_control_python.egg-info/entry_points.txt
[1.273s] writing requirements to ../../build/mcu_control_python/mcu_control_python.egg-info/requires.txt
[1.274s] writing top-level names to ../../build/mcu_control_python/mcu_control_python.egg-info/top_level.txt
[1.276s] reading manifest file '../../build/mcu_control_python/mcu_control_python.egg-info/SOURCES.txt'
[1.277s] writing manifest file '../../build/mcu_control_python/mcu_control_python.egg-info/SOURCES.txt'
[1.277s] running build
[1.277s] running build_py
[1.277s] running install
[1.278s] /usr/lib/python3/dist-packages/setuptools/command/install.py:34: SetuptoolsDeprecationWarning: setup.py install is deprecated. Use build and pip and other standards-based tools.
[1.278s]   warnings.warn(
[1.278s] running install_lib
[1.279s] running install_data
[1.280s] running install_egg_info
[1.282s] removing '/home/marc/Programming/robotics-prototype/robot/rospackages/install/mcu_control_python/lib/python3.10/site-packages/mcu_control_python-0.0.0-py3.10.egg-info' (and everything under it)
[1.282s] Copying ../../build/mcu_control_python/mcu_control_python.egg-info to /home/marc/Programming/robotics-prototype/robot/rospackages/install/mcu_control_python/lib/python3.10/site-packages/mcu_control_python-0.0.0-py3.10.egg-info
[1.283s] running install_scripts
[1.310s] Installing CommsNode script to /home/marc/Programming/robotics-prototype/robot/rospackages/install/mcu_control_python/lib/mcu_control_python
[1.311s] writing list of installed files to '/home/marc/Programming/robotics-prototype/robot/rospackages/build/mcu_control_python/install.log'
[1.354s] Invoked command in '/home/marc/Programming/robotics-prototype/robot/rospackages/src/mcu_control_python' returned '0': PYTHONPATH=/home/marc/Programming/robotics-prototype/robot/rospackages/build/mcu_control_python/prefix_override:/home/marc/Programming/robotics-prototype/robot/rospackages/install/mcu_control_python/lib/python3.10/site-packages:${PYTHONPATH} VIRTUAL_ENV_PROMPT=(venv) /usr/bin/python3 setup.py egg_info --egg-base ../../build/mcu_control_python build --build-base /home/marc/Programming/robotics-prototype/robot/rospackages/build/mcu_control_python/build install --record /home/marc/Programming/robotics-prototype/robot/rospackages/build/mcu_control_python/install.log --install-scripts $base/lib/mcu_control_python --single-version-externally-managed
